<!DOCTYPE html>
<html lang="en-us">

<head>
    <link href="https://cdn.jsdelivr.net/npm/monaco-editor@0.46.0/min/vs/editor/editor.main.min.css" rel="stylesheet">
    <script src="https://cdn.jsdelivr.net/npm/monaco-editor@0.46.0/min/vs/loader.js"></script>
    <style>
        html, body {
            margin: 0;
            height: 100%;
            width: 100%;
        }

        .row {
            display: flex;
            width: 100%;
            height: 100%;
        }

        .column {
            width: 100%;
            height: 100%;
        }

        .updated {
            background-color: #FFF59D;
        }

        .added {
            background-color: #A5D6A7;
        }

        .deleted {
            background-color: #EF9A9A;
        }

        .moved_updated, .moved_unchanged {
            background-color: #CE93D8;
        }

        .none {
            background-color: #64B5F6;
        }

        .selected {
            color: #2196F3 !important;
        }


    </style>
    <title>CiDiff</title>
</head>

<body>
<div class='row'>
    <div class='column' id='right'>
    </div>
</div>
<script>
    const ciDiff = {
        left: [
                "Requested labels: ubuntu-20.04",
                "Job defined at: schemathesis/schemathesis/.github/workflows/build.yml@refs/heads/master",
                "Waiting for a runner to pick up this job...",
                "Job is waiting for a hosted runner to come online.",
                "Job is about to start running on the hosted runner: GitHub Actions 17 (hosted)",
                "Current runner version: '2.311.0'",
                "##[group]Operating System",
                "Ubuntu",
                "20.04.6",
                "LTS",
                "##[endgroup]",
                "##[group]Runner Image",
                "Image: ubuntu-20.04",
                "Version: 20231030.2.0",
                "Included Software: https://github.com/actions/runner-images/blob/ubuntu20/20231030.2/images/linux/Ubuntu2004-Readme.md",
                "Image Release: https://github.com/actions/runner-images/releases/tag/ubuntu20%2F20231030.2",
                "##[endgroup]",
                "##[group]Runner Image Provisioner",
                "2.0.312.1",
                "##[endgroup]",
                "##[group]GITHUB_TOKEN Permissions",
                "Actions: write",
                "Checks: write",
                "Contents: write",
                "Deployments: write",
                "Discussions: write",
                "Issues: write",
                "Metadata: read",
                "Packages: write",
                "Pages: write",
                "PullRequests: write",
                "RepositoryProjects: write",
                "SecurityEvents: write",
                "Statuses: write",
                "##[endgroup]",
                "Secret source: Actions",
                "Prepare workflow directory",
                "Prepare all required actions",
                "Getting action download info",
                "Download action repository 'actions/checkout@v4.1.1' (SHA:b4ffde65f46336ab88eb53be808477a3936bae11)",
                "Download action repository 'actions/setup-python@v4' (SHA:65d7f2d534ac1bc67fcd62888c5f4f3d2cb2b236)",
                "Download action repository 'codecov/codecov-action@v3.1.4' (SHA:eaaf4bedf32dbdc6b720b63067d99c4d77d6047d)",
                "Complete job name: Tests (Python 3.10 on ubuntu-20.04 )",
                "##[group]Run actions/checkout@v4.1.1",
                "with:",
                "  fetch-depth: 1",
                "  repository: schemathesis/schemathesis",
                "  token: ***",
                "  ssh-strict: true",
                "  persist-credentials: true",
                "  clean: true",
                "  sparse-checkout-cone-mode: true",
                "  fetch-tags: false",
                "  show-progress: true",
                "  lfs: false",
                "  submodules: false",
                "  set-safe-directory: true",
                "env:",
                "  FORCE_COLOR: 1",
                "  TOX_TESTENV_PASSENV: FORCE_COLOR",
                "##[endgroup]",
                "Syncing repository: schemathesis/schemathesis",
                "##[group]Getting Git version info",
                "Working directory is '/home/runner/work/schemathesis/schemathesis'",
                "[command]/usr/bin/git version",
                "git version 2.42.0",
                "##[endgroup]",
                "Temporarily overriding HOME='/home/runner/work/_temp/fa688380-d0b7-43c1-92e8-733b5c90c60f' before making global git config changes",
                "Adding repository directory to the temporary git global config as a safe directory",
                "[command]/usr/bin/git config --global --add safe.directory /home/runner/work/schemathesis/schemathesis",
                "Deleting the contents of '/home/runner/work/schemathesis/schemathesis'",
                "##[group]Initializing the repository",
                "[command]/usr/bin/git init /home/runner/work/schemathesis/schemathesis",
                "hint: Using 'master' as the name for the initial branch. This default branch name",
                "hint: is subject to change. To configure the initial branch name to use in all",
                "hint: of your new repositories, which will suppress this warning, call:",
                "hint: ",
                "hint: 	git config --global init.defaultBranch <name>",
                "hint: ",
                "hint: Names commonly chosen instead of 'master' are 'main', 'trunk' and",
                "hint: 'development'. The just-created branch can be renamed via this command:",
                "hint: ",
                "hint: 	git branch -m <name>",
                "Initialized empty Git repository in /home/runner/work/schemathesis/schemathesis/.git/",
                "[command]/usr/bin/git remote add origin https://github.com/schemathesis/schemathesis",
                "##[endgroup]",
                "##[group]Disabling automatic garbage collection",
                "[command]/usr/bin/git config --local gc.auto 0",
                "##[endgroup]",
                "##[group]Setting up auth",
                "[command]/usr/bin/git config --local --name-only --get-regexp core\\.sshCommand",
                "[command]/usr/bin/git submodule foreach --recursive sh -c \"git config --local --name-only --get-regexp 'core\\.sshCommand' && git config --local --unset-all 'core.sshCommand' || :\"",
                "[command]/usr/bin/git config --local --name-only --get-regexp http\\.https\\:\\/\\/github\\.com\\/\\.extraheader",
                "[command]/usr/bin/git submodule foreach --recursive sh -c \"git config --local --name-only --get-regexp 'http\\.https\\:\\/\\/github\\.com\\/\\.extraheader' && git config --local --unset-all 'http.https://github.com/.extraheader' || :\"",
                "[command]/usr/bin/git config --local http.https://github.com/.extraheader AUTHORIZATION: basic ***",
                "##[endgroup]",
                "##[group]Fetching the repository",
                "[command]/usr/bin/git -c protocol.version=2 fetch --no-tags --prune --no-recurse-submodules --depth=1 origin +701ff3734559c89e36e0dcd3e440dd1600b23a2f:refs/remotes/origin/master",
                "From https://github.com/schemathesis/schemathesis",
                " * [new ref]         701ff3734559c89e36e0dcd3e440dd1600b23a2f -> origin/master",
                "##[endgroup]",
                "##[group]Determining the checkout info",
                "##[endgroup]",
                "##[group]Checking out the ref",
                "[command]/usr/bin/git checkout --progress --force -B master refs/remotes/origin/master",
                "Reset branch 'master'",
                "branch 'master' set up to track 'origin/master'.",
                "##[endgroup]",
                "[command]/usr/bin/git log -1 --format='%H'",
                "'701ff3734559c89e36e0dcd3e440dd1600b23a2f'",
                "##[group]Run actions/setup-python@v4",
                "with:",
                "  python-version: 3.10",
                "  check-latest: false",
                "  token: ***",
                "  update-environment: true",
                "  allow-prereleases: false",
                "env:",
                "  FORCE_COLOR: 1",
                "  TOX_TESTENV_PASSENV: FORCE_COLOR",
                "##[endgroup]",
                "##[group]Installed versions",
                "Successfully set up CPython (3.10.13)",
                "##[endgroup]",
                "##[group]Run pip install tox tox-gh-actions",
                "pip install tox tox-gh-actions",
                "shell: /usr/bin/bash -e {0}",
                "env:",
                "  FORCE_COLOR: 1",
                "  TOX_TESTENV_PASSENV: FORCE_COLOR",
                "  pythonLocation: /opt/hostedtoolcache/Python/3.10.13/x64",
                "  PKG_CONFIG_PATH: /opt/hostedtoolcache/Python/3.10.13/x64/lib/pkgconfig",
                "  Python_ROOT_DIR: /opt/hostedtoolcache/Python/3.10.13/x64",
                "  Python2_ROOT_DIR: /opt/hostedtoolcache/Python/3.10.13/x64",
                "  Python3_ROOT_DIR: /opt/hostedtoolcache/Python/3.10.13/x64",
                "  LD_LIBRARY_PATH: /opt/hostedtoolcache/Python/3.10.13/x64/lib",
                "##[endgroup]",
                "Collecting tox",
                "  Downloading tox-4.11.3-py3-none-any.whl.metadata (5.0 kB)",
                "Collecting tox-gh-actions",
                "  Downloading tox_gh_actions-3.1.3-py2.py3-none-any.whl.metadata (11 kB)",
                "Collecting cachetools>=5.3.1 (from tox)",
                "  Downloading cachetools-5.3.2-py3-none-any.whl.metadata (5.2 kB)",
                "Collecting chardet>=5.2 (from tox)",
                "  Downloading chardet-5.2.0-py3-none-any.whl.metadata (3.4 kB)",
                "Collecting colorama>=0.4.6 (from tox)",
                "  Downloading colorama-0.4.6-py2.py3-none-any.whl (25 kB)",
                "Collecting filelock>=3.12.3 (from tox)",
                "  Downloading filelock-3.13.1-py3-none-any.whl.metadata (2.8 kB)",
                "Collecting packaging>=23.1 (from tox)",
                "  Downloading packaging-23.2-py3-none-any.whl.metadata (3.2 kB)",
                "Collecting platformdirs>=3.10 (from tox)",
                "  Downloading platformdirs-3.11.0-py3-none-any.whl.metadata (11 kB)",
                "Collecting pluggy>=1.3 (from tox)",
                "  Downloading pluggy-1.3.0-py3-none-any.whl.metadata (4.3 kB)",
                "Collecting pyproject-api>=1.6.1 (from tox)",
                "  Downloading pyproject_api-1.6.1-py3-none-any.whl.metadata (2.8 kB)",
                "Collecting tomli>=2.0.1 (from tox)",
                "  Downloading tomli-2.0.1-py3-none-any.whl (12 kB)",
                "Collecting virtualenv>=20.24.3 (from tox)",
                "  Downloading virtualenv-20.24.6-py3-none-any.whl.metadata (4.5 kB)",
                "Collecting distlib<1,>=0.3.7 (from virtualenv>=20.24.3->tox)",
                "  Downloading distlib-0.3.7-py2.py3-none-any.whl.metadata (5.1 kB)",
                "Downloading tox-4.11.3-py3-none-any.whl (153 kB)",
                "[?25l   â”â”â”â”â”â”â”â”â”â”â”â”â”â”â”â”â”â”â”â”â”â”â”â”â”â”â”â”â”â”â”â”â”â”â”â”â”â”â”â” 0.0/153.8 kB ? eta -:--:--",
                "[2K   â”â”â”â”â”â”â”â”â”â”â”â”â”â”â”â”â”â”â”â”â”â”â”â”â”â”â”â”â”â”â”â”â”â”â”â”â”â”â”â” 153.8/153.8 kB 42.4 MB/s eta 0:00:00",
                "[?25hDownloading tox_gh_actions-3.1.3-py2.py3-none-any.whl (9.8 kB)",
                "Downloading cachetools-5.3.2-py3-none-any.whl (9.3 kB)",
                "Downloading chardet-5.2.0-py3-none-any.whl (199 kB)",
                "[?25l   â”â”â”â”â”â”â”â”â”â”â”â”â”â”â”â”â”â”â”â”â”â”â”â”â”â”â”â”â”â”â”â”â”â”â”â”â”â”â”â” 0.0/199.4 kB ? eta -:--:--",
                "[2K   â”â”â”â”â”â”â”â”â”â”â”â”â”â”â”â”â”â”â”â”â”â”â”â”â”â”â”â”â”â”â”â”â”â”â”â”â”â”â”â” 199.4/199.4 kB 66.0 MB/s eta 0:00:00",
                "[?25hDownloading filelock-3.13.1-py3-none-any.whl (11 kB)",
                "Downloading packaging-23.2-py3-none-any.whl (53 kB)",
                "[?25l   â”â”â”â”â”â”â”â”â”â”â”â”â”â”â”â”â”â”â”â”â”â”â”â”â”â”â”â”â”â”â”â”â”â”â”â”â”â”â”â” 0.0/53.0 kB ? eta -:--:--",
                "[2K   â”â”â”â”â”â”â”â”â”â”â”â”â”â”â”â”â”â”â”â”â”â”â”â”â”â”â”â”â”â”â”â”â”â”â”â”â”â”â”â” 53.0/53.0 kB 15.8 MB/s eta 0:00:00",
                "[?25hDownloading platformdirs-3.11.0-py3-none-any.whl (17 kB)",
                "Downloading pluggy-1.3.0-py3-none-any.whl (18 kB)",
                "Downloading pyproject_api-1.6.1-py3-none-any.whl (12 kB)",
                "Downloading virtualenv-20.24.6-py3-none-any.whl (3.8 MB)",
                "[?25l   â”â”â”â”â”â”â”â”â”â”â”â”â”â”â”â”â”â”â”â”â”â”â”â”â”â”â”â”â”â”â”â”â”â”â”â”â”â”â”â” 0.0/3.8 MB ? eta -:--:--",
                "[2K   â”â”â”â”â”â”â”â”â”â”â”â”â”â”â”â”â”â”â”â”â”â”â”â”â”â”â”â”â”â”â”â”â”â”â”â”â”â”â”â” 3.8/3.8 MB 150.3 MB/s eta 0:00:00",
                "[?25hDownloading distlib-0.3.7-py2.py3-none-any.whl (468 kB)",
                "[?25l   â”â”â”â”â”â”â”â”â”â”â”â”â”â”â”â”â”â”â”â”â”â”â”â”â”â”â”â”â”â”â”â”â”â”â”â”â”â”â”â” 0.0/468.9 kB ? eta -:--:--",
                "[2K   â”â”â”â”â”â”â”â”â”â”â”â”â”â”â”â”â”â”â”â”â”â”â”â”â”â”â”â”â”â”â”â”â”â”â”â”â”â”â”â” 468.9/468.9 kB 87.4 MB/s eta 0:00:00",
                "[?25hInstalling collected packages: distlib, tomli, pluggy, platformdirs, packaging, filelock, colorama, chardet, cachetools, virtualenv, pyproject-api, tox, tox-gh-actions",
                "Successfully installed cachetools-5.3.2 chardet-5.2.0 colorama-0.4.6 distlib-0.3.7 filelock-3.13.1 packaging-23.2 platformdirs-3.11.0 pluggy-1.3.0 pyproject-api-1.6.1 tomli-2.0.1 tox-4.11.3 tox-gh-actions-3.1.3 virtualenv-20.24.6",
                "[notice] A new release of pip is available: 23.0.1 -> 23.3.1",
                "[notice] To update, run: pip install --upgrade pip",
                "##[group]Run python -m tox",
                "python -m tox",
                "shell: /usr/bin/bash -e {0}",
                "env:",
                "  FORCE_COLOR: 1",
                "  TOX_TESTENV_PASSENV: FORCE_COLOR",
                "  pythonLocation: /opt/hostedtoolcache/Python/3.10.13/x64",
                "  PKG_CONFIG_PATH: /opt/hostedtoolcache/Python/3.10.13/x64/lib/pkgconfig",
                "  Python_ROOT_DIR: /opt/hostedtoolcache/Python/3.10.13/x64",
                "  Python2_ROOT_DIR: /opt/hostedtoolcache/Python/3.10.13/x64",
                "  Python3_ROOT_DIR: /opt/hostedtoolcache/Python/3.10.13/x64",
                "  LD_LIBRARY_PATH: /opt/hostedtoolcache/Python/3.10.13/x64/lib",
                "##[endgroup]",
                ".pkg: install_requires> python -I -m pip install hatchling",
                ".pkg: _optional_hooks> python /opt/hostedtoolcache/Python/3.10.13/x64/lib/python3.10/site-packages/pyproject_api/_backend.py True hatchling.build",
                ".pkg: get_requires_for_build_sdist> python /opt/hostedtoolcache/Python/3.10.13/x64/lib/python3.10/site-packages/pyproject_api/_backend.py True hatchling.build",
                ".pkg: freeze> python -m pip freeze --all",
                ".pkg: editables==0.5,hatchling==1.18.0,packaging==23.2,pathspec==0.11.2,pip==23.3.1,pluggy==1.3.0,setuptools==68.2.2,tomli==2.0.1,trove-classifiers==2023.11.7,wheel==0.41.2",
                ".pkg: build_sdist> python /opt/hostedtoolcache/Python/3.10.13/x64/lib/python3.10/site-packages/pyproject_api/_backend.py True hatchling.build",
                "py310: install_package_deps> python -I -m pip install 'Flask<3.0,>=2.1.1' 'PyYAML<7.0,>=5.1' 'aiohttp<4.0,>=3.8; python_version < \"3.8\"' 'aiohttp<4.0,>=3.9.0b0; python_version >= \"3.8\"' 'backoff<3.0,>=2.1.2' 'click<9.0,>=7.0' 'colorama<1.0,>=0.4' coverage-enable-subprocess 'coverage>=6' 'coverage[toml]>=5.3' 'fastapi>=0.86.0' 'httpx<1.0,>=0.22.0' 'hypothesis<7,>=6.31.6' 'hypothesis_graphql<1,>=0.9.0' 'hypothesis_jsonschema<0.23,>=0.22.1' 'importlib_metadata!=3.8,<5,>=1.1; python_version < \"3.8\"' 'jsonschema<5.0,>=4.3.2' 'junit-xml<2.0,>=1.9' 'pydantic>=1.10.2' 'pyrate-limiter<3.0,>=2.10' 'pytest-asyncio<1.0,>=0.18.0' 'pytest-httpserver<2.0,>=1.0' 'pytest-mock<4.0,>=3.7.0' 'pytest-subtests<0.8.0,>=0.2.1' 'pytest-xdist<4.0,>=3' 'pytest<8,>=4.6.4' 'requests<3,>=2.22' starlette-testclient==0.2.0 'starlette<1,>=0.13' 'strawberry-graphql[fastapi]>=0.109.0' 'syrupy<5.0,>=2' 'tomli-w<2.0,>=1.0.0' 'tomli<3.0,>=2.0.1' 'trustme<1.0,>=0.9.0' 'typing-extensions<5,>=3.7' 'werkzeug<4,>=0.16.0' 'yarl<2.0,>=1.5'",
                "py310: install_package> python -I -m pip install --force-reinstall --no-deps /home/runner/work/schemathesis/schemathesis/.tox/.tmp/package/1/schemathesis-3.20.2.tar.gz",
                "py310: freeze> python -m pip freeze --all",
                "py310: aiohttp==3.9.0b1,aiosignal==1.3.1,annotated-types==0.6.0,anyio==3.7.1,async-timeout==4.0.3,attrs==23.1.0,backoff==2.2.1,blinker==1.7.0,certifi==2023.7.22,cffi==1.16.0,charset-normalizer==3.3.2,click==8.1.7,colorama==0.4.6,coverage==7.3.2,coverage-enable-subprocess==1.0,cryptography==41.0.5,exceptiongroup==1.1.3,execnet==2.0.2,fastapi==0.104.1,Flask==2.3.3,frozenlist==1.4.0,graphql-core==3.2.3,h11==0.14.0,httpcore==1.0.1,httpx==0.25.1,hypothesis==6.88.3,hypothesis-graphql==0.10.0,hypothesis-jsonschema==0.22.1,idna==3.4,iniconfig==2.0.0,itsdangerous==2.1.2,Jinja2==3.1.2,jsonschema==4.19.2,jsonschema-specifications==2023.7.1,junit-xml==1.9,MarkupSafe==2.1.3,multidict==6.0.4,packaging==23.2,pip==23.3.1,pluggy==1.3.0,pycparser==2.21,pydantic==2.4.2,pydantic_core==2.10.1,pyrate-limiter==2.10.0,pytest==7.4.3,pytest-asyncio==0.21.1,pytest-httpserver==1.0.8,pytest-mock==3.12.0,pytest-subtests==0.7.0,pytest-xdist==3.3.1,python-dateutil==2.8.2,python-multipart==0.0.6,PyYAML==6.0.1,referencing==0.30.2,requests==2.31.0,rpds-py==0.12.0,schemathesis @ file:///home/runner/work/schemathesis/schemathesis/.tox/.tmp/package/1/schemathesis-3.20.2.tar.gz#sha256=30baa16a06b60cfc3e586b5f55c8ab94164f509af08f6f95efac39850d5980eb,setuptools==68.2.2,six==1.16.0,sniffio==1.3.0,sortedcontainers==2.4.0,starlette==0.27.0,starlette-testclient==0.2.0,strawberry-graphql==0.213.0,syrupy==4.6.0,tomli==2.0.1,tomli_w==1.0.0,trustme==0.9.0,typing_extensions==4.8.0,urllib3==2.0.7,Werkzeug==3.0.1,wheel==0.41.2,yarl==1.9.2",
                "##[group]tox: py310",
                "py310: commands[0]> coverage run -m pytest -n auto --durations=10 test",
                "============================= test session starts ==============================",
                "platform linux -- Python 3.10.13, pytest-7.4.3, pluggy-1.3.0",
                "cachedir: .tox/py310/.pytest_cache",
                "rootdir: /home/runner/work/schemathesis/schemathesis",
                "configfile: pyproject.toml",
                "plugins: subtests-0.7.0, httpserver-1.0.8, mock-3.12.0, anyio-3.7.1, hypothesis-6.88.3, syrupy-4.6.0, asyncio-0.21.1, xdist-3.3.1, schemathesis-3.20.2",
                "asyncio: mode=strict",
                "created: 4/4 workers",
                "4 workers [1939 items]",
                "........................................................................ [  3%]",
                "........................................................................ [  7%]",
                "........................................................................ [ 11%]",
                "........................................................................ [ 14%]",
                "........................................................................ [ 18%]",
                "......................................................................... [ 22%]",
                "........................................................................ [ 26%]",
                "...........................................................x............ [ 29%]",
                "........................................................................ [ 33%]",
                "........................................................................ [ 37%]",
                "........................................................................ [ 40%]",
                "........................................................................ [ 44%]",
                "........................................................................ [ 48%]",
                "........................................................................ [ 52%]",
                "........................................................................ [ 55%]",
                "........................................................................ [ 59%]",
                "........................................................................ [ 63%]",
                "........................................................................ [ 66%]",
                "........................ssss.ssss....................................... [ 70%]",
                ".............................x.......................................... [ 74%]",
                "........................................................................ [ 77%]",
                "........................................................................ [ 81%]",
                "........................................................................ [ 85%]",
                "........................................................................ [ 89%]",
                "........................................................................ [ 92%]",
                "........................................................................ [ 96%]",
                "..................................................................       [100%]",
                "=============================== warnings summary ===============================",
                ".tox/py310/lib/python3.10/site-packages/schemathesis/specs/openapi/references.py:46",
                ".tox/py310/lib/python3.10/site-packages/schemathesis/specs/openapi/references.py:46",
                ".tox/py310/lib/python3.10/site-packages/schemathesis/specs/openapi/references.py:46",
                ".tox/py310/lib/python3.10/site-packages/schemathesis/specs/openapi/references.py:46",
                "  /home/runner/work/schemathesis/schemathesis/.tox/py310/lib/python3.10/site-packages/schemathesis/specs/openapi/references.py:46: DeprecationWarning: jsonschema.RefResolver is deprecated as of v4.18.0, in favor of the https://github.com/python-jsonschema/referencing library, which provides more compliant referencing behavior as well as more flexible APIs for customization. A future release will remove RefResolver. Please file a feature request (on referencing) if you are missing an API for the kind of customization you need.",
                "    class InliningResolver(jsonschema.RefResolver):",
                ".tox/py310/lib/python3.10/site-packages/schemathesis/specs/openapi/security.py:5",
                ".tox/py310/lib/python3.10/site-packages/schemathesis/specs/openapi/security.py:5",
                ".tox/py310/lib/python3.10/site-packages/schemathesis/specs/openapi/security.py:5",
                ".tox/py310/lib/python3.10/site-packages/schemathesis/specs/openapi/security.py:5",
                ".tox/py310/lib/python3.10/site-packages/schemathesis/specs/openapi/security.py:5",
                ".tox/py310/lib/python3.10/site-packages/schemathesis/specs/openapi/security.py:5",
                ".tox/py310/lib/python3.10/site-packages/schemathesis/specs/openapi/security.py:5",
                ".tox/py310/lib/python3.10/site-packages/schemathesis/specs/openapi/security.py:5",
                "  /home/runner/work/schemathesis/schemathesis/.tox/py310/lib/python3.10/site-packages/schemathesis/specs/openapi/security.py:5: DeprecationWarning: jsonschema.RefResolver is deprecated as of v4.18.0, in favor of the https://github.com/python-jsonschema/referencing library, which provides more compliant referencing behavior as well as more flexible APIs for customization. A future release will remove RefResolver. Please file a feature request (on referencing) if you are missing an API for the kind of customization you need.",
                "    from jsonschema import RefResolver",
                ".tox/py310/lib/python3.10/site-packages/schemathesis/specs/openapi/schemas.py:85",
                ".tox/py310/lib/python3.10/site-packages/schemathesis/specs/openapi/schemas.py:85",
                ".tox/py310/lib/python3.10/site-packages/schemathesis/specs/openapi/schemas.py:85",
                ".tox/py310/lib/python3.10/site-packages/schemathesis/specs/openapi/schemas.py:85",
                "  /home/runner/work/schemathesis/schemathesis/.tox/py310/lib/python3.10/site-packages/schemathesis/specs/openapi/schemas.py:85: DeprecationWarning: jsonschema.exceptions.RefResolutionError is deprecated as of version 4.18.0. If you wish to catch potential reference resolution errors, directly catch referencing.exceptions.Unresolvable.",
                "    SCHEMA_PARSING_ERRORS = (KeyError, AttributeError, jsonschema.exceptions.RefResolutionError)",
                "test/test_hypothesis.py: 687 warnings",
                "test/test_asgi.py: 3 warnings",
                "test/test_dereferencing.py: 17967 warnings",
                "test/test_serialization.py: 1401 warnings",
                "test/test_models.py: 6 warnings",
                "test/test_parameters.py: 132 warnings",
                "test/test_wsgi.py: 14 warnings",
                "test/test_parametrization.py: 82 warnings",
                "test/cli/test_commands.py: 146 warnings",
                "test/test_direct_access.py: 108 warnings",
                "test/test_examples.py: 106 warnings",
                "test/code_samples/test_curl.py: 54 warnings",
                "test/code_samples/test_python.py: 88 warnings",
                "test/hooks/test_hooks.py: 598 warnings",
                "test/runner/test_checks.py: 66 warnings",
                "test/contrib/test_unique_data.py: 2087 warnings",
                "test/runner/test_runner.py: 2 warnings",
                "test/specs/openapi/test_examples.py: 11 warnings",
                "test/specs/openapi/test_hypothesis.py: 931 warnings",
                "test/specs/openapi/test_negative.py: 7660 warnings",
                "test/contrib/openapi/formats/test_uuid.py: 5 warnings",
                "test/specs/openapi/test_serializing.py: 1013 warnings",
                "test/specs/openapi/test_security.py: 310 warnings",
                "test/specs/openapi/test_stateful.py: 230 warnings",
                "  /home/runner/work/schemathesis/schemathesis/.tox/py310/lib/python3.10/site-packages/hypothesis_jsonschema/_resolve.py:53: DeprecationWarning: jsonschema.RefResolver is deprecated as of v4.18.0, in favor of the https://github.com/python-jsonschema/referencing library, which provides more compliant referencing behavior as well as more flexible APIs for customization. A future release will remove RefResolver. Please file a feature request (on referencing) if you are missing an API for the kind of customization you need.",
                "    if not isinstance(resolver, jsonschema.RefResolver):",
                "test/test_pytest.py: 1 warning",
                "test/test_hypothesis.py: 1 warning",
                "test/test_parameters.py: 1 warning",
                "test/test_dereferencing.py: 1 warning",
                "test/cli/test_commands.py: 4 warnings",
                "test/extra/test_aiohttp.py: 1 warning",
                "test/loaders/test_common.py: 2 warnings",
                "  /home/runner/work/schemathesis/schemathesis/test/apps/openapi/_aiohttp/__init__.py:67: NotAppKeyWarning: It is recommended to use web.AppKey instances for keys.",
                "  https://docs.aiohttp.org/en/stable/web_advanced.html#application-s-config",
                "    app[\"users\"] = {}",
                "test/test_pytest.py: 1 warning",
                "test/test_hypothesis.py: 1 warning",
                "test/test_parameters.py: 1 warning",
                "test/test_dereferencing.py: 1 warning",
                "test/cli/test_commands.py: 4 warnings",
                "test/extra/test_aiohttp.py: 1 warning",
                "test/loaders/test_common.py: 2 warnings",
                "  /home/runner/work/schemathesis/schemathesis/test/apps/openapi/_aiohttp/__init__.py:68: NotAppKeyWarning: It is recommended to use web.AppKey instances for keys.",
                "  https://docs.aiohttp.org/en/stable/web_advanced.html#application-s-config",
                "    app[\"incoming_requests\"] = incoming_requests",
                "test/test_pytest.py: 1 warning",
                "test/test_hypothesis.py: 1 warning",
                "test/test_parameters.py: 1 warning",
                "test/test_dereferencing.py: 1 warning",
                "test/cli/test_commands.py: 4 warnings",
                "test/extra/test_aiohttp.py: 1 warning",
                "test/loaders/test_common.py: 2 warnings",
                "  /home/runner/work/schemathesis/schemathesis/test/apps/openapi/_aiohttp/__init__.py:69: NotAppKeyWarning: It is recommended to use web.AppKey instances for keys.",
                "  https://docs.aiohttp.org/en/stable/web_advanced.html#application-s-config",
                "    app[\"schema_requests\"] = schema_requests",
                "test/test_pytest.py: 1 warning",
                "test/test_hypothesis.py: 1 warning",
                "test/test_parameters.py: 1 warning",
                "test/test_dereferencing.py: 1 warning",
                "test/cli/test_commands.py: 4 warnings",
                "test/extra/test_aiohttp.py: 1 warning",
                "test/loaders/test_common.py: 2 warnings",
                "  /home/runner/work/schemathesis/schemathesis/test/apps/openapi/_aiohttp/__init__.py:70: NotAppKeyWarning: It is recommended to use web.AppKey instances for keys.",
                "  https://docs.aiohttp.org/en/stable/web_advanced.html#application-s-config",
                "    app[\"config\"] = {",
                "test/test_recoverable_errors.py: 9 warnings",
                "test/test_schemas.py: 3 warnings",
                "test/cli/test_commands.py: 4 warnings",
                "test/runner/test_checks.py: 1 warning",
                "  /home/runner/work/schemathesis/schemathesis/.tox/py310/lib/python3.10/site-packages/schemathesis/specs/openapi/schemas.py:238: DeprecationWarning: jsonschema.exceptions.RefResolutionError is deprecated as of version 4.18.0. If you wish to catch potential reference resolution errors, directly catch referencing.exceptions.Unresolvable.",
                "    if isinstance(error, jsonschema.exceptions.RefResolutionError):",
                "test/test_asgi.py::test_events[with_on_event]",
                "  /home/runner/work/schemathesis/schemathesis/test/test_asgi.py:154: DeprecationWarning: ",
                "          on_event is deprecated, use lifespan event handlers instead.",
                "          Read more about it in the",
                "          [FastAPI docs for Lifespan Events](https://fastapi.tiangolo.com/advanced/events/).",
                "    @app.on_event(\"startup\")",
                "test/test_asgi.py::test_events[with_on_event]",
                "test/test_asgi.py::test_events[with_on_event]",
                "  /home/runner/work/schemathesis/schemathesis/.tox/py310/lib/python3.10/site-packages/fastapi/applications.py:4547: DeprecationWarning: ",
                "          on_event is deprecated, use lifespan event handlers instead.",
                "          Read more about it in the",
                "          [FastAPI docs for Lifespan Events](https://fastapi.tiangolo.com/advanced/events/).",
                "    return self.router.on_event(event_type)",
                "test/test_asgi.py::test_events[with_on_event]",
                "  /home/runner/work/schemathesis/schemathesis/test/test_asgi.py:159: DeprecationWarning: ",
                "          on_event is deprecated, use lifespan event handlers instead.",
                "          Read more about it in the",
                "          [FastAPI docs for Lifespan Events](https://fastapi.tiangolo.com/advanced/events/).",
                "    @app.on_event(\"shutdown\")",
                "test/auth/test_cli.py::test_multiple_threads[Open API 3.0]",
                "test/cli/test_commands.py::test_openapi_links_multiple_threads[real-Open API 2.0-1-.....]",
                "test/cli/test_commands.py::test_openapi_links_multiple_threads[real-Open API 2.0-1-.....]",
                "test/cli/test_commands.py::test_openapi_links_multiple_threads[real-Open API 2.0-1-.....]",
                "test/cli/test_commands.py::test_openapi_links_multiple_threads[real-Open API 3.0-1-.....]",
                "test/cli/test_commands.py::test_openapi_links_multiple_threads[real-Open API 3.0-1-.....]",
                "test/cli/test_commands.py::test_openapi_links_multiple_threads[wsgi-Open API 2.0-1-.....]",
                "test/cli/test_commands.py::test_openapi_links_multiple_threads[wsgi-Open API 2.0-5-......]",
                "  /home/runner/work/schemathesis/schemathesis/.tox/py310/lib/python3.10/site-packages/hypothesis/internal/conjecture/engine.py:172: HypothesisWarning: The recursion limit will not be reset, since it was changed from another thread or during execution of a test.",
                "    with ensure_free_stackframes():",
                "test/runner/test_runner.py::test_stop_event_stream_after_second_eventulti-worker]",
                "  /home/runner/work/schemathesis/schemathesis/.tox/py310/lib/python3.10/site-packages/_pytest/threadexception.py:73: PytestUnhandledThreadExceptionWarning: Exception in thread schemathesis_0",
                "  Traceback (most recent call last):",
                "    File \"/opt/hostedtoolcache/Python/3.10.13/x64/lib/python3.10/threading.py\", line 1016, in _bootstrap_inner",
                "      self.run()",
                "    File \"/opt/hostedtoolcache/Python/3.10.13/x64/lib/python3.10/threading.py\", line 953, in run",
                "      self._target(*self._args, **self._kwargs)",
                "    File \"/home/runner/work/schemathesis/schemathesis/.tox/py310/lib/python3.10/site-packages/schemathesis/runner/impl/threadpool.py\", line 118, in thread_task",
                "      _run_task(",
                "    File \"/home/runner/work/schemathesis/schemathesis/.tox/py310/lib/python3.10/site-packages/schemathesis/runner/impl/threadpool.py\", line 69, in _run_task",
                "      result = tasks_queue.get(timeout=0.001)",
                "    File \"/opt/hostedtoolcache/Python/3.10.13/x64/lib/python3.10/queue.py\", line 180, in get",
                "      self.not_empty.wait(remaining)",
                "    File \"/opt/hostedtoolcache/Python/3.10.13/x64/lib/python3.10/threading.py\", line 324, in wait",
                "      gotit = waiter.acquire(True, timeout)",
                "  SystemExit",
                "    warnings.warn(pytest.PytestUnhandledThreadExceptionWarning(msg))",
                "-- Docs: https://docs.pytest.org/en/stable/how-to/capture-warnings.html",
                "============================= slowest 10 durations =============================",
                "9.80s call     test/specs/openapi/test_stateful.py::test_hidden_failure[Open API 3.0]",
                "9.52s call     test/specs/openapi/test_stateful.py::test_hidden_failure[Open API 2.0]",
                "7.16s call     test/test_parameters.py::test_bearer_auth_valid_header",
                "6.37s call     test/cli/test_cassettes.py::test_replay[Open API 2.0-plain-True]",
                "6.01s call     test/test_app.py::test_app[flask-INFO:werkzeug:]",
                "6.01s call     test/test_app.py::test_app[aiohttp-DEBUG:asyncio:Using selector:]",
                "5.56s call     test/contrib/test_unique_data.py::test_python_tests[raw_schema0]",
                "5.49s call     test/cli/test_crashes.py::test_valid_parameters_combos",
                "4.49s call     test/contrib/test_unique_data.py::test_cli[raw_schema0]",
                "4.48s call     test/test_parameters.py::test_headers[array-simple_swagger.yaml]",
                "=========================== short test summary info ============================",
                "SKIPPED [8] test/cli/test_commands.py:1039: Newer Hypothesis versions handle it via exception notes.",
                "XFAIL test/cli/test_commands.py::test_hypothesis_settings_no_warning_on_unusable_dir[Open API 3.0] - PermissionError due to the usage of `Path.exists`",
                "XFAIL test/service/test_cli.py::test_permission_denied_on_hosts_creation[Open API 3.0] - PermissionError due to the usage of `Path.exists`",
                "==== 1929 passed, 8 skipped, 2 xfailed, 33797 warnings in 130.09s (0:02:10) ====",
                "py310: commands[1]> coverage combine --keep",
                "Combined data file .coverage.fv-az1041-716.1928.437878",
                "Combined data file .coverage.fv-az1041-716.1960.312156",
                "Combined data file .coverage.fv-az1041-716.1963.638034",
                "Combined data file .coverage.fv-az1041-716.1957.752404",
                "Skipping duplicate data .coverage.fv-az1041-716.1945.446608",
                "Combined data file .coverage.fv-az1041-716.1954.275296",
                "Combined data file .coverage.fv-az1041-716.1950.362797",
                "Skipping duplicate data .coverage.fv-az1041-716.1936.079443",
                "py310: commands[2]> coverage report",
                "Name                                                                                       Stmts   Miss Branch BrPart   Cover   Missing",
                "---------------------------------------------------------------------------------------------------------------------------------------",
                ".tox/py310/lib/python3.10/site-packages/schemathesis/__init__.py                              32      2      0      0  93.75%   72-74",
                ".tox/py310/lib/python3.10/site-packages/schemathesis/_compat.py                               37      6      6      3  79.07%   6-7, 24, 37, 51, 62",
                ".tox/py310/lib/python3.10/site-packages/schemathesis/_hypothesis.py                           85      0     24      1  99.08%   68->73",
                ".tox/py310/lib/python3.10/site-packages/schemathesis/_lazy_import.py                          11      1      4      1  86.67%   7",
                ".tox/py310/lib/python3.10/site-packages/schemathesis/cli/__init__.py                         461      0    125      1  99.83%   1129->1131",
                ".tox/py310/lib/python3.10/site-packages/schemathesis/cli/callbacks.py                        203      1     80      1  99.29%   341",
                ".tox/py310/lib/python3.10/site-packages/schemathesis/cli/output/default.py                   436      5    203      5  98.12%   228-231, 235, 407->exit, 493, 536->535",
                ".tox/py310/lib/python3.10/site-packages/schemathesis/code_samples.py                          75      1     28      2  97.09%   40, 81->85, 102->104",
                ".tox/py310/lib/python3.10/site-packages/schemathesis/exceptions.py                           252      0     54      2  99.35%   64->58, 222->224",
                ".tox/py310/lib/python3.10/site-packages/schemathesis/extra/pytest_plugin.py                  142      4     50      4  95.83%   38, 55-60, 171->174, 220",
                ".tox/py310/lib/python3.10/site-packages/schemathesis/hooks.py                                160      0     52      1  99.53%   185->184",
                ".tox/py310/lib/python3.10/site-packages/schemathesis/internal/validation.py                   12      2      2      0  85.71%   15-17",
                ".tox/py310/lib/python3.10/site-packages/schemathesis/lazy.py                                 173     11     56      3  93.01%   77->79, 80, 166, 200-209",
                ".tox/py310/lib/python3.10/site-packages/schemathesis/loaders.py                               68      4     20      3  92.05%   28, 46, 73-74, 99->101",
                ".tox/py310/lib/python3.10/site-packages/schemathesis/models.py                               617      9    169      5  98.22%   93-98, 262, 441->444, 534, 607, 613",
                ".tox/py310/lib/python3.10/site-packages/schemathesis/runner/__init__.py                       99      4     58      6  93.63%   231, 281->291, 284->286, 287, 289, 292",
                ".tox/py310/lib/python3.10/site-packages/schemathesis/runner/impl/core.py                     447      7    181      7  97.77%   145, 328-329, 379, 464, 527, 598, 891->exit",
                ".tox/py310/lib/python3.10/site-packages/schemathesis/runner/serialization.py                 189      5     62      4  96.41%   114, 209, 250-251, 304",
                ".tox/py310/lib/python3.10/site-packages/schemathesis/schemas.py                              189      0     60      1  99.60%   307->309",
                ".tox/py310/lib/python3.10/site-packages/schemathesis/serializers.py                          154      2     64      0  99.08%   147-148",
                ".tox/py310/lib/python3.10/site-packages/schemathesis/specs/graphql/loaders.py                101      0     24      1  99.20%   116->119",
                ".tox/py310/lib/python3.10/site-packages/schemathesis/specs/openapi/_hypothesis.py            234      1    111      1  99.42%   156",
                ".tox/py310/lib/python3.10/site-packages/schemathesis/specs/openapi/examples.py               114      1     64      1  98.88%   190",
                ".tox/py310/lib/python3.10/site-packages/schemathesis/specs/openapi/expressions/parser.py      76      0     42      1  99.15%   26->17",
                ".tox/py310/lib/python3.10/site-packages/schemathesis/specs/openapi/loaders.py                177      1     66      2  98.77%   122->125, 387",
                ".tox/py310/lib/python3.10/site-packages/schemathesis/specs/openapi/negative/mutations.py     245      0    134      1  99.74%   125->123",
                ".tox/py310/lib/python3.10/site-packages/schemathesis/specs/openapi/references.py             142      0     68      1  99.52%   154->exit",
                ".tox/py310/lib/python3.10/site-packages/schemathesis/specs/openapi/schemas.py                555      3    218      3  99.22%   129-130, 581, 619->599, 872->871",
                ".tox/py310/lib/python3.10/site-packages/schemathesis/specs/openapi/serialization.py          201      0    124      2  99.38%   34->28, 47->28",
                ".tox/py310/lib/python3.10/site-packages/schemathesis/stateful/__init__.py                     59      1     20      1  97.47%   129",
                ".tox/py310/lib/python3.10/site-packages/schemathesis/transports/responses.py                  39      2     10      1  93.88%   20, 57",
                "---------------------------------------------------------------------------------------------------------------------------------------",
                "TOTAL                                                                                       9286     73   3230     65  98.87%",
                "93 files skipped due to complete coverage.",
                "py310: commands[3]> coverage xml -i",
                "Wrote XML report to coverage.xml",
                "##[endgroup]",
                ".pkg: _exit> python /opt/hostedtoolcache/Python/3.10.13/x64/lib/python3.10/site-packages/pyproject_api/_backend.py True hatchling.build",
                "  py310: OK (157.36=setup[17.79]+cmd[134.73,0.30,2.00,2.54] seconds)",
                "  congratulations :) (158.95 seconds)",
                "##[group]Run codecov/codecov-action@v3.1.4",
                "with:",
                "env:",
                "  FORCE_COLOR: 1",
                "  TOX_TESTENV_PASSENV: FORCE_COLOR",
                "  pythonLocation: /opt/hostedtoolcache/Python/3.10.13/x64",
                "  PKG_CONFIG_PATH: /opt/hostedtoolcache/Python/3.10.13/x64/lib/pkgconfig",
                "  Python_ROOT_DIR: /opt/hostedtoolcache/Python/3.10.13/x64",
                "  Python2_ROOT_DIR: /opt/hostedtoolcache/Python/3.10.13/x64",
                "  Python3_ROOT_DIR: /opt/hostedtoolcache/Python/3.10.13/x64",
                "  LD_LIBRARY_PATH: /opt/hostedtoolcache/Python/3.10.13/x64/lib",
                "##[endgroup]",
                "==> linux OS detected",
                "https://uploader.codecov.io/latest/linux/codecov.SHA256SUM",
                "==> SHASUM file signed by key id 806bb28aed779869",
                "==> Uploader SHASUM verified (b9282b8b43eef83f722646d8992c4dd36563046afe0806722184e7e9923a6d7b  codecov)",
                "==> Running version latest",
                "==> Running version v0.7.1",
                "[command]/home/runner/work/_actions/codecov/codecov-action/v3.1.4/dist/codecov -n  -Q github-action-3.1.4",
                "[2023-11-09T15:06:54.728Z] ['info'] ",
                "     _____          _",
                "    / ____|        | |",
                "   | |     ___   __| | ___  ___ _____   __",
                "   | |    / _ \\ / _` |/ _ \\/ __/ _ \\ \\ / /",
                "   | |___| (_) | (_| |  __/ (_| (_) \\ V /",
                "    \\_____\\___/ \\__,_|\\___|\\___\\___/ \\_/",
                "  Codecov report uploader 0.7.1",
                "[2023-11-09T15:06:54.734Z] ['info'] => Project root located at: /home/runner/work/schemathesis/schemathesis",
                "[2023-11-09T15:06:54.735Z] ['info'] -> No token specified or token is empty",
                "[2023-11-09T15:06:54.741Z] ['info'] Searching for coverage files...",
                "[2023-11-09T15:06:54.815Z] ['info'] Warning: Some files located via search were excluded from upload.",
                "[2023-11-09T15:06:54.815Z] ['info'] If Codecov did not locate your files, please review https://docs.codecov.com/docs/supported-report-formats",
                "[2023-11-09T15:06:54.815Z] ['info'] => Found 1 possible coverage files:",
                "  coverage.xml",
                "[2023-11-09T15:06:54.815Z] ['info'] Processing /home/runner/work/schemathesis/schemathesis/coverage.xml...",
                "[2023-11-09T15:06:54.823Z] ['info'] Detected GitHub Actions as the CI provider.",
                "[2023-11-09T15:06:54.873Z] ['info'] Pinging Codecov: https://codecov.io/upload/v4?package=github-action-3.1.4-uploader-0.7.1&token=*******&branch=master&build=6813602788&build_url=https%3A%2F%2Fgithub.com%2Fschemathesis%2Fschemathesis%2Factions%2Fruns%2F6813602788&commit=701ff3734559c89e36e0dcd3e440dd1600b23a2f&job=Build+jobs&pr=&service=github-actions&slug=schemathesis%2Fschemathesis&name=&tag=&flags=&parent=",
                "[2023-11-09T15:06:55.207Z] ['info'] https://app.codecov.io/github/schemathesis/schemathesis/commit/701ff3734559c89e36e0dcd3e440dd1600b23a2f",
                "https://storage.googleapis.com/codecov/v4/raw/2023-11-09/0A4DC4E833F8D9B0C347E8D1D6E56FDA/701ff3734559c89e36e0dcd3e440dd1600b23a2f/beb522d5-1ba6-4b52-b0ce-65bde53dd24e.txt?X-Amz-Algorithm=AWS4-HMAC-SHA256&X-Amz-Credential=GOOG1EJOGFN2JQ4OCTGA2MU5AEIT7OT5Z7HTFOAN2SPG4NWSN2UJYOY5U6LZQ%2F20231109%2FUS%2Fs3%2Faws4_request&X-Amz-Date=20231109T150655Z&X-Amz-Expires=10&X-Amz-SignedHeaders=host&X-Amz-Signature=b420d1519fed023ea5636efa4300c9b0c4fd4199e951f9dcabe72b5e3e6f5535",
                "[2023-11-09T15:06:55.207Z] ['info'] Uploading...",
                "[2023-11-09T15:06:55.374Z] ['info'] {\"status\":\"processing\",\"resultURL\":\"https://app.codecov.io/github/schemathesis/schemathesis/commit/701ff3734559c89e36e0dcd3e440dd1600b23a2f\"}",
                "Post job cleanup.",
                "Post job cleanup.",
                "[command]/usr/bin/git version",
                "git version 2.42.0",
                "Temporarily overriding HOME='/home/runner/work/_temp/bb19d6d2-1713-453e-8baf-889b59cce791' before making global git config changes",
                "Adding repository directory to the temporary git global config as a safe directory",
                "[command]/usr/bin/git config --global --add safe.directory /home/runner/work/schemathesis/schemathesis",
                "[command]/usr/bin/git config --local --name-only --get-regexp core\\.sshCommand",
                "[command]/usr/bin/git submodule foreach --recursive sh -c \"git config --local --name-only --get-regexp 'core\\.sshCommand' && git config --local --unset-all 'core.sshCommand' || :\"",
                "[command]/usr/bin/git config --local --name-only --get-regexp http\\.https\\:\\/\\/github\\.com\\/\\.extraheader",
                "http.https://github.com/.extraheader",
                "[command]/usr/bin/git config --local --unset-all http.https://github.com/.extraheader",
                "[command]/usr/bin/git submodule foreach --recursive sh -c \"git config --local --name-only --get-regexp 'http\\.https\\:\\/\\/github\\.com\\/\\.extraheader' && git config --local --unset-all 'http.https://github.com/.extraheader' || :\"",
                "Cleaning up orphan processes",

        ],
        right: [
                "Requested labels: ubuntu-20.04",
                "Job defined at: schemathesis/schemathesis/.github/workflows/build.yml@refs/heads/master",
                "Waiting for a runner to pick up this job...",
                "Job is waiting for a hosted runner to come online.",
                "Job is about to start running on the hosted runner: GitHub Actions 8 (hosted)",
                "Current runner version: '2.311.0'",
                "##[group]Operating System",
                "Ubuntu",
                "20.04.6",
                "LTS",
                "##[endgroup]",
                "##[group]Runner Image",
                "Image: ubuntu-20.04",
                "Version: 20231030.2.0",
                "Included Software: https://github.com/actions/runner-images/blob/ubuntu20/20231030.2/images/linux/Ubuntu2004-Readme.md",
                "Image Release: https://github.com/actions/runner-images/releases/tag/ubuntu20%2F20231030.2",
                "##[endgroup]",
                "##[group]Runner Image Provisioner",
                "2.0.312.1",
                "##[endgroup]",
                "##[group]GITHUB_TOKEN Permissions",
                "Actions: write",
                "Checks: write",
                "Contents: write",
                "Deployments: write",
                "Discussions: write",
                "Issues: write",
                "Metadata: read",
                "Packages: write",
                "Pages: write",
                "PullRequests: write",
                "RepositoryProjects: write",
                "SecurityEvents: write",
                "Statuses: write",
                "##[endgroup]",
                "Secret source: Actions",
                "Prepare workflow directory",
                "Prepare all required actions",
                "Getting action download info",
                "Download action repository 'actions/checkout@v4.1.1' (SHA:b4ffde65f46336ab88eb53be808477a3936bae11)",
                "Download action repository 'actions/setup-python@v4' (SHA:65d7f2d534ac1bc67fcd62888c5f4f3d2cb2b236)",
                "Download action repository 'codecov/codecov-action@v3.1.4' (SHA:eaaf4bedf32dbdc6b720b63067d99c4d77d6047d)",
                "Complete job name: Tests (Python 3.10 on ubuntu-20.04 )",
                "##[group]Run actions/checkout@v4.1.1",
                "with:",
                "  fetch-depth: 1",
                "  repository: schemathesis/schemathesis",
                "  token: ***",
                "  ssh-strict: true",
                "  persist-credentials: true",
                "  clean: true",
                "  sparse-checkout-cone-mode: true",
                "  fetch-tags: false",
                "  show-progress: true",
                "  lfs: false",
                "  submodules: false",
                "  set-safe-directory: true",
                "env:",
                "  FORCE_COLOR: 1",
                "  TOX_TESTENV_PASSENV: FORCE_COLOR",
                "##[endgroup]",
                "Syncing repository: schemathesis/schemathesis",
                "##[group]Getting Git version info",
                "Working directory is '/home/runner/work/schemathesis/schemathesis'",
                "[command]/usr/bin/git version",
                "git version 2.42.0",
                "##[endgroup]",
                "Temporarily overriding HOME='/home/runner/work/_temp/1ef36411-d198-4915-bc60-d3ba54484977' before making global git config changes",
                "Adding repository directory to the temporary git global config as a safe directory",
                "[command]/usr/bin/git config --global --add safe.directory /home/runner/work/schemathesis/schemathesis",
                "Deleting the contents of '/home/runner/work/schemathesis/schemathesis'",
                "##[group]Initializing the repository",
                "[command]/usr/bin/git init /home/runner/work/schemathesis/schemathesis",
                "hint: Using 'master' as the name for the initial branch. This default branch name",
                "hint: is subject to change. To configure the initial branch name to use in all",
                "hint: of your new repositories, which will suppress this warning, call:",
                "hint: ",
                "hint: 	git config --global init.defaultBranch <name>",
                "hint: ",
                "hint: Names commonly chosen instead of 'master' are 'main', 'trunk' and",
                "hint: 'development'. The just-created branch can be renamed via this command:",
                "hint: ",
                "hint: 	git branch -m <name>",
                "Initialized empty Git repository in /home/runner/work/schemathesis/schemathesis/.git/",
                "[command]/usr/bin/git remote add origin https://github.com/schemathesis/schemathesis",
                "##[endgroup]",
                "##[group]Disabling automatic garbage collection",
                "[command]/usr/bin/git config --local gc.auto 0",
                "##[endgroup]",
                "##[group]Setting up auth",
                "[command]/usr/bin/git config --local --name-only --get-regexp core\\.sshCommand",
                "[command]/usr/bin/git submodule foreach --recursive sh -c \"git config --local --name-only --get-regexp 'core\\.sshCommand' && git config --local --unset-all 'core.sshCommand' || :\"",
                "[command]/usr/bin/git config --local --name-only --get-regexp http\\.https\\:\\/\\/github\\.com\\/\\.extraheader",
                "[command]/usr/bin/git submodule foreach --recursive sh -c \"git config --local --name-only --get-regexp 'http\\.https\\:\\/\\/github\\.com\\/\\.extraheader' && git config --local --unset-all 'http.https://github.com/.extraheader' || :\"",
                "[command]/usr/bin/git config --local http.https://github.com/.extraheader AUTHORIZATION: basic ***",
                "##[endgroup]",
                "##[group]Fetching the repository",
                "[command]/usr/bin/git -c protocol.version=2 fetch --no-tags --prune --no-recurse-submodules --depth=1 origin +1caf449537bab6c6f3b94ee64bdacbcde2414525:refs/remotes/origin/master",
                "From https://github.com/schemathesis/schemathesis",
                " * [new ref]         1caf449537bab6c6f3b94ee64bdacbcde2414525 -> origin/master",
                "##[endgroup]",
                "##[group]Determining the checkout info",
                "##[endgroup]",
                "##[group]Checking out the ref",
                "[command]/usr/bin/git checkout --progress --force -B master refs/remotes/origin/master",
                "Reset branch 'master'",
                "branch 'master' set up to track 'origin/master'.",
                "##[endgroup]",
                "[command]/usr/bin/git log -1 --format='%H'",
                "'1caf449537bab6c6f3b94ee64bdacbcde2414525'",
                "##[group]Run actions/setup-python@v4",
                "with:",
                "  python-version: 3.10",
                "  check-latest: false",
                "  token: ***",
                "  update-environment: true",
                "  allow-prereleases: false",
                "env:",
                "  FORCE_COLOR: 1",
                "  TOX_TESTENV_PASSENV: FORCE_COLOR",
                "##[endgroup]",
                "##[group]Installed versions",
                "Successfully set up CPython (3.10.13)",
                "##[endgroup]",
                "##[group]Run pip install tox tox-gh-actions",
                "pip install tox tox-gh-actions",
                "shell: /usr/bin/bash -e {0}",
                "env:",
                "  FORCE_COLOR: 1",
                "  TOX_TESTENV_PASSENV: FORCE_COLOR",
                "  pythonLocation: /opt/hostedtoolcache/Python/3.10.13/x64",
                "  PKG_CONFIG_PATH: /opt/hostedtoolcache/Python/3.10.13/x64/lib/pkgconfig",
                "  Python_ROOT_DIR: /opt/hostedtoolcache/Python/3.10.13/x64",
                "  Python2_ROOT_DIR: /opt/hostedtoolcache/Python/3.10.13/x64",
                "  Python3_ROOT_DIR: /opt/hostedtoolcache/Python/3.10.13/x64",
                "  LD_LIBRARY_PATH: /opt/hostedtoolcache/Python/3.10.13/x64/lib",
                "##[endgroup]",
                "Collecting tox",
                "  Downloading tox-4.11.3-py3-none-any.whl.metadata (5.0 kB)",
                "Collecting tox-gh-actions",
                "  Downloading tox_gh_actions-3.1.3-py2.py3-none-any.whl.metadata (11 kB)",
                "Collecting cachetools>=5.3.1 (from tox)",
                "  Downloading cachetools-5.3.2-py3-none-any.whl.metadata (5.2 kB)",
                "Collecting chardet>=5.2 (from tox)",
                "  Downloading chardet-5.2.0-py3-none-any.whl.metadata (3.4 kB)",
                "Collecting colorama>=0.4.6 (from tox)",
                "  Downloading colorama-0.4.6-py2.py3-none-any.whl (25 kB)",
                "Collecting filelock>=3.12.3 (from tox)",
                "  Downloading filelock-3.13.1-py3-none-any.whl.metadata (2.8 kB)",
                "Collecting packaging>=23.1 (from tox)",
                "  Downloading packaging-23.2-py3-none-any.whl.metadata (3.2 kB)",
                "Collecting platformdirs>=3.10 (from tox)",
                "  Downloading platformdirs-3.11.0-py3-none-any.whl.metadata (11 kB)",
                "Collecting pluggy>=1.3 (from tox)",
                "  Downloading pluggy-1.3.0-py3-none-any.whl.metadata (4.3 kB)",
                "Collecting pyproject-api>=1.6.1 (from tox)",
                "  Downloading pyproject_api-1.6.1-py3-none-any.whl.metadata (2.8 kB)",
                "Collecting tomli>=2.0.1 (from tox)",
                "  Downloading tomli-2.0.1-py3-none-any.whl (12 kB)",
                "Collecting virtualenv>=20.24.3 (from tox)",
                "  Downloading virtualenv-20.24.6-py3-none-any.whl.metadata (4.5 kB)",
                "Collecting distlib<1,>=0.3.7 (from virtualenv>=20.24.3->tox)",
                "  Downloading distlib-0.3.7-py2.py3-none-any.whl.metadata (5.1 kB)",
                "Downloading tox-4.11.3-py3-none-any.whl (153 kB)",
                "[?25l   â”â”â”â”â”â”â”â”â”â”â”â”â”â”â”â”â”â”â”â”â”â”â”â”â”â”â”â”â”â”â”â”â”â”â”â”â”â”â”â” 0.0/153.8 kB ? eta -:--:--",
                "[2K   â”â”â”â”â”â”â”â”â”â”â”â”â”â”â”â”â”â”â”â”â”â”â”â”â”â”â”â”â”â”â”â”â”â”â”â”â”â”â”â” 153.8/153.8 kB 53.3 MB/s eta 0:00:00",
                "[?25hDownloading tox_gh_actions-3.1.3-py2.py3-none-any.whl (9.8 kB)",
                "Downloading cachetools-5.3.2-py3-none-any.whl (9.3 kB)",
                "Downloading chardet-5.2.0-py3-none-any.whl (199 kB)",
                "[?25l   â”â”â”â”â”â”â”â”â”â”â”â”â”â”â”â”â”â”â”â”â”â”â”â”â”â”â”â”â”â”â”â”â”â”â”â”â”â”â”â” 0.0/199.4 kB ? eta -:--:--",
                "[2K   â”â”â”â”â”â”â”â”â”â”â”â”â”â”â”â”â”â”â”â”â”â”â”â”â”â”â”â”â”â”â”â”â”â”â”â”â”â”â”â” 199.4/199.4 kB 69.5 MB/s eta 0:00:00",
                "[?25hDownloading filelock-3.13.1-py3-none-any.whl (11 kB)",
                "Downloading packaging-23.2-py3-none-any.whl (53 kB)",
                "[?25l   â”â”â”â”â”â”â”â”â”â”â”â”â”â”â”â”â”â”â”â”â”â”â”â”â”â”â”â”â”â”â”â”â”â”â”â”â”â”â”â” 0.0/53.0 kB ? eta -:--:--",
                "[2K   â”â”â”â”â”â”â”â”â”â”â”â”â”â”â”â”â”â”â”â”â”â”â”â”â”â”â”â”â”â”â”â”â”â”â”â”â”â”â”â” 53.0/53.0 kB 20.6 MB/s eta 0:00:00",
                "[?25hDownloading platformdirs-3.11.0-py3-none-any.whl (17 kB)",
                "Downloading pluggy-1.3.0-py3-none-any.whl (18 kB)",
                "Downloading pyproject_api-1.6.1-py3-none-any.whl (12 kB)",
                "Downloading virtualenv-20.24.6-py3-none-any.whl (3.8 MB)",
                "[?25l   â”â”â”â”â”â”â”â”â”â”â”â”â”â”â”â”â”â”â”â”â”â”â”â”â”â”â”â”â”â”â”â”â”â”â”â”â”â”â”â” 0.0/3.8 MB ? eta -:--:--",
                "[2K   â”â”â”â”â”â”â”â”â”â”â”â”â”â”â”â”â”â”â”â”â”â”â”â”â”â”â”â”â”â”â”â”â”â”â”â”â”â”â”â” 3.8/3.8 MB 170.1 MB/s eta 0:00:00",
                "[?25hDownloading distlib-0.3.7-py2.py3-none-any.whl (468 kB)",
                "[?25l   â”â”â”â”â”â”â”â”â”â”â”â”â”â”â”â”â”â”â”â”â”â”â”â”â”â”â”â”â”â”â”â”â”â”â”â”â”â”â”â” 0.0/468.9 kB ? eta -:--:--",
                "[2K   â”â”â”â”â”â”â”â”â”â”â”â”â”â”â”â”â”â”â”â”â”â”â”â”â”â”â”â”â”â”â”â”â”â”â”â”â”â”â” 468.9/468.9 kB 109.7 MB/s eta 0:00:00",
                "[?25hInstalling collected packages: distlib, tomli, pluggy, platformdirs, packaging, filelock, colorama, chardet, cachetools, virtualenv, pyproject-api, tox, tox-gh-actions",
                "Successfully installed cachetools-5.3.2 chardet-5.2.0 colorama-0.4.6 distlib-0.3.7 filelock-3.13.1 packaging-23.2 platformdirs-3.11.0 pluggy-1.3.0 pyproject-api-1.6.1 tomli-2.0.1 tox-4.11.3 tox-gh-actions-3.1.3 virtualenv-20.24.6",
                "[notice] A new release of pip is available: 23.0.1 -> 23.3.1",
                "[notice] To update, run: pip install --upgrade pip",
                "##[group]Run python -m tox",
                "python -m tox",
                "shell: /usr/bin/bash -e {0}",
                "env:",
                "  FORCE_COLOR: 1",
                "  TOX_TESTENV_PASSENV: FORCE_COLOR",
                "  pythonLocation: /opt/hostedtoolcache/Python/3.10.13/x64",
                "  PKG_CONFIG_PATH: /opt/hostedtoolcache/Python/3.10.13/x64/lib/pkgconfig",
                "  Python_ROOT_DIR: /opt/hostedtoolcache/Python/3.10.13/x64",
                "  Python2_ROOT_DIR: /opt/hostedtoolcache/Python/3.10.13/x64",
                "  Python3_ROOT_DIR: /opt/hostedtoolcache/Python/3.10.13/x64",
                "  LD_LIBRARY_PATH: /opt/hostedtoolcache/Python/3.10.13/x64/lib",
                "##[endgroup]",
                ".pkg: install_requires> python -I -m pip install hatchling",
                ".pkg: _optional_hooks> python /opt/hostedtoolcache/Python/3.10.13/x64/lib/python3.10/site-packages/pyproject_api/_backend.py True hatchling.build",
                ".pkg: get_requires_for_build_sdist> python /opt/hostedtoolcache/Python/3.10.13/x64/lib/python3.10/site-packages/pyproject_api/_backend.py True hatchling.build",
                ".pkg: freeze> python -m pip freeze --all",
                ".pkg: editables==0.5,hatchling==1.18.0,packaging==23.2,pathspec==0.11.2,pip==23.3.1,pluggy==1.3.0,setuptools==68.2.2,tomli==2.0.1,trove-classifiers==2023.11.7,wheel==0.41.2",
                ".pkg: build_sdist> python /opt/hostedtoolcache/Python/3.10.13/x64/lib/python3.10/site-packages/pyproject_api/_backend.py True hatchling.build",
                "py310: install_package_deps> python -I -m pip install 'Flask<3.0,>=2.1.1' 'PyYAML<7.0,>=5.1' 'aiohttp<4.0,>=3.8; python_version < \"3.8\"' 'aiohttp<4.0,>=3.9.0b0; python_version >= \"3.8\"' 'backoff<3.0,>=2.1.2' 'click<9.0,>=7.0' 'colorama<1.0,>=0.4' coverage-enable-subprocess 'coverage>=6' 'coverage[toml]>=5.3' 'fastapi>=0.86.0' 'httpx<1.0,>=0.22.0' 'hypothesis<7,>=6.31.6' 'hypothesis_graphql<1,>=0.9.0' 'hypothesis_jsonschema<0.23,>=0.22.1' 'importlib_metadata!=3.8,<5,>=1.1; python_version < \"3.8\"' 'jsonschema<5.0,>=4.3.2' 'junit-xml<2.0,>=1.9' 'pydantic>=1.10.2' 'pyrate-limiter<3.0,>=2.10' 'pytest-asyncio<1.0,>=0.18.0' 'pytest-httpserver<2.0,>=1.0' 'pytest-mock<4.0,>=3.7.0' 'pytest-subtests<0.8.0,>=0.2.1' 'pytest-xdist<4.0,>=3' 'pytest<8,>=4.6.4' 'requests<3,>=2.22' starlette-testclient==0.2.0 'starlette<1,>=0.13' 'strawberry-graphql[fastapi]>=0.109.0' 'syrupy<5.0,>=2' 'tomli-w<2.0,>=1.0.0' 'tomli<3.0,>=2.0.1' 'trustme<1.0,>=0.9.0' 'typing-extensions<5,>=3.7' 'werkzeug<4,>=0.16.0' 'yarl<2.0,>=1.5'",
                "py310: install_package> python -I -m pip install --force-reinstall --no-deps /home/runner/work/schemathesis/schemathesis/.tox/.tmp/package/1/schemathesis-3.21.0.tar.gz",
                "py310: freeze> python -m pip freeze --all",
                "py310: aiohttp==3.9.0b1,aiosignal==1.3.1,annotated-types==0.6.0,anyio==3.7.1,async-timeout==4.0.3,attrs==23.1.0,backoff==2.2.1,blinker==1.7.0,certifi==2023.7.22,cffi==1.16.0,charset-normalizer==3.3.2,click==8.1.7,colorama==0.4.6,coverage==7.3.2,coverage-enable-subprocess==1.0,cryptography==41.0.5,exceptiongroup==1.1.3,execnet==2.0.2,fastapi==0.104.1,Flask==2.3.3,frozenlist==1.4.0,graphql-core==3.2.3,h11==0.14.0,httpcore==1.0.1,httpx==0.25.1,hypothesis==6.88.3,hypothesis-graphql==0.10.0,hypothesis-jsonschema==0.22.1,idna==3.4,iniconfig==2.0.0,itsdangerous==2.1.2,Jinja2==3.1.2,jsonschema==4.19.2,jsonschema-specifications==2023.7.1,junit-xml==1.9,MarkupSafe==2.1.3,multidict==6.0.4,packaging==23.2,pip==23.3.1,pluggy==1.3.0,pycparser==2.21,pydantic==2.4.2,pydantic_core==2.10.1,pyrate-limiter==2.10.0,pytest==7.4.3,pytest-asyncio==0.21.1,pytest-httpserver==1.0.8,pytest-mock==3.12.0,pytest-subtests==0.7.0,pytest-xdist==3.3.1,python-dateutil==2.8.2,python-multipart==0.0.6,PyYAML==6.0.1,referencing==0.30.2,requests==2.31.0,rpds-py==0.12.0,schemathesis @ file:///home/runner/work/schemathesis/schemathesis/.tox/.tmp/package/1/schemathesis-3.21.0.tar.gz#sha256=43f2bc6c72a2dff6247e5a4d3d9c52b460ec8995985f75758b872692b4687e3c,setuptools==68.2.2,six==1.16.0,sniffio==1.3.0,sortedcontainers==2.4.0,starlette==0.27.0,starlette-testclient==0.2.0,strawberry-graphql==0.213.0,syrupy==4.6.0,tomli==2.0.1,tomli_w==1.0.0,trustme==0.9.0,typing_extensions==4.8.0,urllib3==2.0.7,Werkzeug==3.0.1,wheel==0.41.2,yarl==1.9.2",
                "##[group]tox: py310",
                "py310: commands[0]> coverage run -m pytest -n auto --durations=10 test",
                "============================= test session starts ==============================",
                "platform linux -- Python 3.10.13, pytest-7.4.3, pluggy-1.3.0",
                "cachedir: .tox/py310/.pytest_cache",
                "rootdir: /home/runner/work/schemathesis/schemathesis",
                "configfile: pyproject.toml",
                "plugins: subtests-0.7.0, httpserver-1.0.8, mock-3.12.0, anyio-3.7.1, hypothesis-6.88.3, syrupy-4.6.0, asyncio-0.21.1, xdist-3.3.1, schemathesis-3.21.0",
                "asyncio: mode=strict",
                "created: 4/4 workers",
                "4 workers [1939 items]",
                "........................................................................ [  3%]",
                "........................................................................ [  7%]",
                "........................................................................ [ 11%]",
                "........................................................................ [ 14%]",
                "........................................................................ [ 18%]",
                "........................................................................ [ 22%]",
                "...........x............................................................ [ 25%]",
                "........................................................................ [ 29%]",
                ".........sss.sssss.F.................................................... [ 33%]",
                "........................................................................ [ 37%]",
                "........................................................................ [ 40%]",
                "........................................................................ [ 44%]",
                "........................................................................ [ 48%]",
                "........................................................................ [ 51%]",
                "........................................................................ [ 55%]",
                "........................................................................ [ 59%]",
                "........................................................................ [ 63%]",
                "........................................................................ [ 66%]",
                "................................................x....................... [ 70%]",
                ".................................................................F...... [ 74%]",
                "........................................................................ [ 77%]",
                "........................................................................ [ 81%]",
                "........................................................................ [ 85%]",
                "......................................................................... [ 89%]",
                "........................................................................ [ 92%]",
                "........................................................................ [ 96%]",
                "..................................................................       [100%]",
                "=================================== FAILURES ===================================",
                "______________ test_hypothesis_failed_event[wsgi-Open API 3.0-1] _______________",
                "[gw3] linux -- Python 3.10.13 /home/runner/work/schemathesis/schemathesis/.tox/py310/bin/python",
                "cli = <test.conftest.cli.<locals>.Runner object at 0x7f62eddc8fd0>",
                "cli_args = ('--app=location:app', '/schema.yaml'), workers = 1",
                "snapshot_cli = Exit code: 1",
                "---",
                "Stdout:",
                "======================= Schemathesis test session starts =======================",
                "Schema locat...itional conformance checks on reports from public repos.",
                "========================= in 1.00s =========================",
                "    @pytest.mark.operations(\"success\", \"slow\")",
                "    @pytest.mark.parametrize(\"workers\", (1, 2))",
                "    @pytest.mark.snapshot(replace_multi_worker_progress=\"??\", replace_statistic=True)",
                "    def test_hypothesis_failed_event(cli, cli_args, workers, snapshot_cli):",
                "        # When the Hypothesis deadline option is set manually, and it is smaller than the response time",
                "        # Then the whole Schemathesis run should fail",
                "        # And the proper error message should be displayed",
                ">       assert cli.run(*cli_args, \"--hypothesis-deadline=20\", f\"--workers={workers}\") == snapshot_cli",
                "E       AssertionError: assert [+ received] == [- snapshot]",
                "E           Exit code: 1",
                "E           ...",
                "E           GET /api/slow E                                                           [ 50%]",
                "E         - GET /api/success .                                                        [100%]",
                "E         + GET /api/success E                                                        [100%]",
                "E           ",
                "E           ......",
                "E         ",
                "E         ...Full output truncated (12 lines hidden), use '-vv' to show",
                "/home/runner/work/schemathesis/schemathesis/test/cli/test_commands.py:538: AssertionError",
                "____________________________ test_commands_version _____________________________",
                "[gw0] linux -- Python 3.10.13 /home/runner/work/schemathesis/schemathesis/.tox/py310/bin/python",
                "cli = <test.conftest.cli.<locals>.Runner object at 0x7f97d1f4fe50>",
                "snapshot_cli = Exit code: 0",
                "---",
                "Stdout:",
                "schemathesis, version 3.20.2",
                "    def test_commands_version(cli, snapshot_cli):",
                ">       assert cli.main(\"--version\") == snapshot_cli",
                "E       assert [+ received] == [- snapshot]",
                "E           Exit code: 0",
                "E           ...",
                "E           Stdout:",
                "E         - schemathesis, version 3.20.2",
                "E         + schemathesis, version 3.21.0",
                "test/cli/test_commands.py:68: AssertionError",
                "=============================== warnings summary ===============================",
                ".tox/py310/lib/python3.10/site-packages/schemathesis/specs/openapi/references.py:46",
                ".tox/py310/lib/python3.10/site-packages/schemathesis/specs/openapi/references.py:46",
                ".tox/py310/lib/python3.10/site-packages/schemathesis/specs/openapi/references.py:46",
                ".tox/py310/lib/python3.10/site-packages/schemathesis/specs/openapi/references.py:46",
                "  /home/runner/work/schemathesis/schemathesis/.tox/py310/lib/python3.10/site-packages/schemathesis/specs/openapi/references.py:46: DeprecationWarning: jsonschema.RefResolver is deprecated as of v4.18.0, in favor of the https://github.com/python-jsonschema/referencing library, which provides more compliant referencing behavior as well as more flexible APIs for customization. A future release will remove RefResolver. Please file a feature request (on referencing) if you are missing an API for the kind of customization you need.",
                "    class InliningResolver(jsonschema.RefResolver):",
                ".tox/py310/lib/python3.10/site-packages/schemathesis/specs/openapi/security.py:5",
                ".tox/py310/lib/python3.10/site-packages/schemathesis/specs/openapi/security.py:5",
                ".tox/py310/lib/python3.10/site-packages/schemathesis/specs/openapi/security.py:5",
                ".tox/py310/lib/python3.10/site-packages/schemathesis/specs/openapi/security.py:5",
                ".tox/py310/lib/python3.10/site-packages/schemathesis/specs/openapi/security.py:5",
                ".tox/py310/lib/python3.10/site-packages/schemathesis/specs/openapi/security.py:5",
                ".tox/py310/lib/python3.10/site-packages/schemathesis/specs/openapi/security.py:5",
                ".tox/py310/lib/python3.10/site-packages/schemathesis/specs/openapi/security.py:5",
                "  /home/runner/work/schemathesis/schemathesis/.tox/py310/lib/python3.10/site-packages/schemathesis/specs/openapi/security.py:5: DeprecationWarning: jsonschema.RefResolver is deprecated as of v4.18.0, in favor of the https://github.com/python-jsonschema/referencing library, which provides more compliant referencing behavior as well as more flexible APIs for customization. A future release will remove RefResolver. Please file a feature request (on referencing) if you are missing an API for the kind of customization you need.",
                "    from jsonschema import RefResolver",
                ".tox/py310/lib/python3.10/site-packages/schemathesis/specs/openapi/schemas.py:85",
                ".tox/py310/lib/python3.10/site-packages/schemathesis/specs/openapi/schemas.py:85",
                ".tox/py310/lib/python3.10/site-packages/schemathesis/specs/openapi/schemas.py:85",
                ".tox/py310/lib/python3.10/site-packages/schemathesis/specs/openapi/schemas.py:85",
                "  /home/runner/work/schemathesis/schemathesis/.tox/py310/lib/python3.10/site-packages/schemathesis/specs/openapi/schemas.py:85: DeprecationWarning: jsonschema.exceptions.RefResolutionError is deprecated as of version 4.18.0. If you wish to catch potential reference resolution errors, directly catch referencing.exceptions.Unresolvable.",
                "    SCHEMA_PARSING_ERRORS = (KeyError, AttributeError, jsonschema.exceptions.RefResolutionError)",
                "test/test_hypothesis.py: 723 warnings",
                "test/test_asgi.py: 3 warnings",
                "test/test_dereferencing.py: 17797 warnings",
                "test/test_serialization.py: 514 warnings",
                "test/test_models.py: 6 warnings",
                "test/test_wsgi.py: 14 warnings",
                "test/test_parameters.py: 134 warnings",
                "test/test_direct_access.py: 114 warnings",
                "test/test_examples.py: 107 warnings",
                "test/test_parametrization.py: 72 warnings",
                "test/cli/test_commands.py: 80 warnings",
                "test/code_samples/test_curl.py: 63 warnings",
                "test/code_samples/test_python.py: 65 warnings",
                "test/hooks/test_hooks.py: 655 warnings",
                "test/contrib/test_unique_data.py: 2243 warnings",
                "test/runner/test_runner.py: 2 warnings",
                "test/specs/openapi/test_hypothesis.py: 914 warnings",
                "test/specs/openapi/test_negative.py: 8385 warnings",
                "test/contrib/openapi/formats/test_uuid.py: 5 warnings",
                "test/runner/test_checks.py: 66 warnings",
                "test/specs/openapi/test_examples.py: 11 warnings",
                "test/specs/openapi/test_serializing.py: 1008 warnings",
                "test/specs/openapi/test_security.py: 313 warnings",
                "test/specs/openapi/test_stateful.py: 708 warnings",
                "  /home/runner/work/schemathesis/schemathesis/.tox/py310/lib/python3.10/site-packages/hypothesis_jsonschema/_resolve.py:53: DeprecationWarning: jsonschema.RefResolver is deprecated as of v4.18.0, in favor of the https://github.com/python-jsonschema/referencing library, which provides more compliant referencing behavior as well as more flexible APIs for customization. A future release will remove RefResolver. Please file a feature request (on referencing) if you are missing an API for the kind of customization you need.",
                "    if not isinstance(resolver, jsonschema.RefResolver):",
                "test/test_hypothesis.py: 1 warning",
                "test/test_pytest.py: 1 warning",
                "test/test_parameters.py: 1 warning",
                "test/cli/test_commands.py: 4 warnings",
                "test/test_dereferencing.py: 1 warning",
                "test/loaders/test_common.py: 2 warnings",
                "test/extra/test_aiohttp.py: 1 warning",
                "  /home/runner/work/schemathesis/schemathesis/test/apps/openapi/_aiohttp/__init__.py:67: NotAppKeyWarning: It is recommended to use web.AppKey instances for keys.",
                "  https://docs.aiohttp.org/en/stable/web_advanced.html#application-s-config",
                "    app[\"users\"] = {}",
                "test/test_hypothesis.py: 1 warning",
                "test/test_pytest.py: 1 warning",
                "test/test_parameters.py: 1 warning",
                "test/cli/test_commands.py: 4 warnings",
                "test/test_dereferencing.py: 1 warning",
                "test/loaders/test_common.py: 2 warnings",
                "test/extra/test_aiohttp.py: 1 warning",
                "  /home/runner/work/schemathesis/schemathesis/test/apps/openapi/_aiohttp/__init__.py:68: NotAppKeyWarning: It is recommended to use web.AppKey instances for keys.",
                "  https://docs.aiohttp.org/en/stable/web_advanced.html#application-s-config",
                "    app[\"incoming_requests\"] = incoming_requests",
                "test/test_hypothesis.py: 1 warning",
                "test/test_pytest.py: 1 warning",
                "test/test_parameters.py: 1 warning",
                "test/cli/test_commands.py: 4 warnings",
                "test/test_dereferencing.py: 1 warning",
                "test/loaders/test_common.py: 2 warnings",
                "test/extra/test_aiohttp.py: 1 warning",
                "  /home/runner/work/schemathesis/schemathesis/test/apps/openapi/_aiohttp/__init__.py:69: NotAppKeyWarning: It is recommended to use web.AppKey instances for keys.",
                "  https://docs.aiohttp.org/en/stable/web_advanced.html#application-s-config",
                "    app[\"schema_requests\"] = schema_requests",
                "test/test_hypothesis.py: 1 warning",
                "test/test_pytest.py: 1 warning",
                "test/test_parameters.py: 1 warning",
                "test/cli/test_commands.py: 4 warnings",
                "test/test_dereferencing.py: 1 warning",
                "test/loaders/test_common.py: 2 warnings",
                "test/extra/test_aiohttp.py: 1 warning",
                "  /home/runner/work/schemathesis/schemathesis/test/apps/openapi/_aiohttp/__init__.py:70: NotAppKeyWarning: It is recommended to use web.AppKey instances for keys.",
                "  https://docs.aiohttp.org/en/stable/web_advanced.html#application-s-config",
                "    app[\"config\"] = {",
                "test/test_asgi.py::test_events[with_on_event]",
                "  /home/runner/work/schemathesis/schemathesis/test/test_asgi.py:154: DeprecationWarning: ",
                "          on_event is deprecated, use lifespan event handlers instead.",
                "          Read more about it in the",
                "          [FastAPI docs for Lifespan Events](https://fastapi.tiangolo.com/advanced/events/).",
                "    @app.on_event(\"startup\")",
                "test/test_asgi.py::test_events[with_on_event]",
                "test/test_asgi.py::test_events[with_on_event]",
                "  /home/runner/work/schemathesis/schemathesis/.tox/py310/lib/python3.10/site-packages/fastapi/applications.py:4547: DeprecationWarning: ",
                "          on_event is deprecated, use lifespan event handlers instead.",
                "          Read more about it in the",
                "          [FastAPI docs for Lifespan Events](https://fastapi.tiangolo.com/advanced/events/).",
                "    return self.router.on_event(event_type)",
                "test/test_asgi.py::test_events[with_on_event]",
                "  /home/runner/work/schemathesis/schemathesis/test/test_asgi.py:159: DeprecationWarning: ",
                "          on_event is deprecated, use lifespan event handlers instead.",
                "          Read more about it in the",
                "          [FastAPI docs for Lifespan Events](https://fastapi.tiangolo.com/advanced/events/).",
                "    @app.on_event(\"shutdown\")",
                "test/test_recoverable_errors.py: 10 warnings",
                "test/test_schemas.py: 3 warnings",
                "test/cli/test_commands.py: 4 warnings",
                "test/runner/test_checks.py: 1 warning",
                "  /home/runner/work/schemathesis/schemathesis/.tox/py310/lib/python3.10/site-packages/schemathesis/specs/openapi/schemas.py:238: DeprecationWarning: jsonschema.exceptions.RefResolutionError is deprecated as of version 4.18.0. If you wish to catch potential reference resolution errors, directly catch referencing.exceptions.Unresolvable.",
                "    if isinstance(error, jsonschema.exceptions.RefResolutionError):",
                "test/auth/test_cli.py::test_multiple_threads[Open API 3.0]",
                "test/cli/test_commands.py::test_keyboard_interrupt_threaded[real-Open API 3.0]",
                "test/cli/test_commands.py::test_openapi_links_multiple_threads[real-Open API 3.0-5-......]",
                "test/cli/test_commands.py::test_openapi_links_multiple_threads[wsgi-Open API 2.0-5-......]",
                "test/cli/test_commands.py::test_openapi_links_multiple_threads[wsgi-Open API 3.0-5-......]",
                "test/cli/test_commands.py::test_exit_first[Open API 3.0-2]",
                "  /home/runner/work/schemathesis/schemathesis/.tox/py310/lib/python3.10/site-packages/hypothesis/internal/conjecture/engine.py:172: HypothesisWarning: The recursion limit will not be reset, since it was changed from another thread or during execution of a test.",
                "    with ensure_free_stackframes():",
                "test/runner/test_runner.py::test_stop_event_stream_after_second_eventulti-worker]",
                "  /home/runner/work/schemathesis/schemathesis/.tox/py310/lib/python3.10/site-packages/_pytest/threadexception.py:73: PytestUnhandledThreadExceptionWarning: Exception in thread schemathesis_0",
                "  Traceback (most recent call last):",
                "    File \"/opt/hostedtoolcache/Python/3.10.13/x64/lib/python3.10/threading.py\", line 1016, in _bootstrap_inner",
                "      self.run()",
                "    File \"/opt/hostedtoolcache/Python/3.10.13/x64/lib/python3.10/threading.py\", line 953, in run",
                "      self._target(*self._args, **self._kwargs)",
                "    File \"/home/runner/work/schemathesis/schemathesis/.tox/py310/lib/python3.10/site-packages/schemathesis/runner/impl/threadpool.py\", line 118, in thread_task",
                "      _run_task(",
                "    File \"/home/runner/work/schemathesis/schemathesis/.tox/py310/lib/python3.10/site-packages/schemathesis/runner/impl/threadpool.py\", line 69, in _run_task",
                "      result = tasks_queue.get(timeout=0.001)",
                "    File \"/opt/hostedtoolcache/Python/3.10.13/x64/lib/python3.10/queue.py\", line 180, in get",
                "      self.not_empty.wait(remaining)",
                "    File \"/opt/hostedtoolcache/Python/3.10.13/x64/lib/python3.10/threading.py\", line 324, in wait",
                "      gotit = waiter.acquire(True, timeout)",
                "  SystemExit",
                "    warnings.warn(pytest.PytestUnhandledThreadExceptionWarning(msg))",
                "-- Docs: https://docs.pytest.org/en/stable/how-to/capture-warnings.html",
                "============================= slowest 10 durations =============================",
                "10.12s call     test/test_parameters.py::test_cookies[object]",
                "7.32s call     test/test_parameters.py::test_bearer_auth_valid_header",
                "6.05s call     test/cli/test_crashes.py::test_valid_parameters_combos",
                "6.02s call     test/test_app.py::test_app[flask-INFO:werkzeug:]",
                "6.01s call     test/test_app.py::test_app[aiohttp-DEBUG:asyncio:Using selector:]",
                "5.19s call     test/contrib/test_unique_data.py::test_python_tests[raw_schema0]",
                "4.69s call     test/test_petstore.py::test_delete_user[petstore_v3.yaml]",
                "4.63s call     test/specs/openapi/test_stateful.py::test_hidden_failure[Open API 2.0]",
                "4.06s call     test/test_hypothesis.py::test_optional_payload[open_api_2]",
                "3.89s call     test/contrib/test_unique_data.py::test_cli[raw_schema0]",
                "=========================== short test summary info ============================",
                "SKIPPED [8] test/cli/test_commands.py:1039: Newer Hypothesis versions handle it via exception notes.",
                "XFAIL test/cli/test_commands.py::test_hypothesis_settings_no_warning_on_unusable_dir[Open API 3.0] - PermissionError due to the usage of `Path.exists`",
                "XFAIL test/service/test_cli.py::test_permission_denied_on_hosts_creation[Open API 3.0] - PermissionError due to the usage of `Path.exists`",
                "FAILED test/cli/test_commands.py::test_hypothesis_failed_event[wsgi-Open API 3.0-1]",
                "FAILED test/cli/test_commands.py::test_commands_version - assert [+ received]...",
                "= 2 failed, 1927 passed, 8 skipped, 2 xfailed, 34091 warnings in 119.38s (0:01:59) =",
                "py310: exit 1 (123.47 seconds) /home/runner/work/schemathesis/schemathesis> coverage run -m pytest -n auto --durations=10 test pid=1899",
                "##[endgroup]",
                ".pkg: _exit> python /opt/hostedtoolcache/Python/3.10.13/x64/lib/python3.10/site-packages/pyproject_api/_backend.py True hatchling.build",
                "  py310: FAIL code 1 (140.12=setup[16.65]+cmd[123.47] seconds)",
                "  evaluation failed :( (141.39 seconds)",
                "##[error]Process completed with exit code 1.",
                "Post job cleanup.",
                "[command]/usr/bin/git version",
                "git version 2.42.0",
                "Temporarily overriding HOME='/home/runner/work/_temp/b53a4358-fcf8-4f4e-ba2b-ef53db0af9a6' before making global git config changes",
                "Adding repository directory to the temporary git global config as a safe directory",
                "[command]/usr/bin/git config --global --add safe.directory /home/runner/work/schemathesis/schemathesis",
                "[command]/usr/bin/git config --local --name-only --get-regexp core\\.sshCommand",
                "[command]/usr/bin/git submodule foreach --recursive sh -c \"git config --local --name-only --get-regexp 'core\\.sshCommand' && git config --local --unset-all 'core.sshCommand' || :\"",
                "[command]/usr/bin/git config --local --name-only --get-regexp http\\.https\\:\\/\\/github\\.com\\/\\.extraheader",
                "http.https://github.com/.extraheader",
                "[command]/usr/bin/git config --local --unset-all http.https://github.com/.extraheader",
                "[command]/usr/bin/git submodule foreach --recursive sh -c \"git config --local --name-only --get-regexp 'http\\.https\\:\\/\\/github\\.com\\/\\.extraheader' && git config --local --unset-all 'http.https://github.com/.extraheader' || :\"",
                "Cleaning up orphan processes",

        ],
    };
</script>
<script>
    function getColor(type) {
        switch (type) {
            case "updated": return "#FFF59D";
            case "added": return "#A5D6A7";
            case "deleted": return "#EF9A9A";
            case "moved_updated":
            case "moved_unchanged": return "#CE93D8";
            case "none": return "#CE93D8";
        }
    }

    let right_actions = [
            {type: "unchanged", left:0, right:0},
            {type: "unchanged", left:1, right:1},
            {type: "unchanged", left:2, right:2},
            {type: "unchanged", left:3, right:3},
            {type: "added", left:-1, right:4},
            {type: "unchanged", left:5, right:5},
            {type: "unchanged", left:6, right:6},
            {type: "unchanged", left:7, right:7},
            {type: "unchanged", left:8, right:8},
            {type: "unchanged", left:9, right:9},
            {type: "unchanged", left:10, right:10},
            {type: "unchanged", left:11, right:11},
            {type: "unchanged", left:12, right:12},
            {type: "unchanged", left:13, right:13},
            {type: "unchanged", left:14, right:14},
            {type: "unchanged", left:15, right:15},
            {type: "unchanged", left:16, right:16},
            {type: "unchanged", left:17, right:17},
            {type: "unchanged", left:18, right:18},
            {type: "unchanged", left:19, right:19},
            {type: "unchanged", left:20, right:20},
            {type: "unchanged", left:21, right:21},
            {type: "unchanged", left:22, right:22},
            {type: "unchanged", left:23, right:23},
            {type: "unchanged", left:24, right:24},
            {type: "unchanged", left:25, right:25},
            {type: "unchanged", left:26, right:26},
            {type: "unchanged", left:27, right:27},
            {type: "unchanged", left:28, right:28},
            {type: "unchanged", left:29, right:29},
            {type: "unchanged", left:30, right:30},
            {type: "unchanged", left:31, right:31},
            {type: "unchanged", left:32, right:32},
            {type: "unchanged", left:33, right:33},
            {type: "unchanged", left:34, right:34},
            {type: "unchanged", left:35, right:35},
            {type: "unchanged", left:36, right:36},
            {type: "unchanged", left:37, right:37},
            {type: "unchanged", left:38, right:38},
            {type: "unchanged", left:39, right:39},
            {type: "unchanged", left:40, right:40},
            {type: "unchanged", left:41, right:41},
            {type: "unchanged", left:42, right:42},
            {type: "unchanged", left:43, right:43},
            {type: "unchanged", left:44, right:44},
            {type: "unchanged", left:45, right:45},
            {type: "unchanged", left:46, right:46},
            {type: "unchanged", left:47, right:47},
            {type: "unchanged", left:48, right:48},
            {type: "unchanged", left:49, right:49},
            {type: "unchanged", left:50, right:50},
            {type: "unchanged", left:51, right:51},
            {type: "unchanged", left:52, right:52},
            {type: "unchanged", left:53, right:53},
            {type: "unchanged", left:54, right:54},
            {type: "unchanged", left:55, right:55},
            {type: "unchanged", left:56, right:56},
            {type: "unchanged", left:57, right:57},
            {type: "unchanged", left:58, right:58},
            {type: "unchanged", left:59, right:59},
            {type: "unchanged", left:60, right:60},
            {type: "unchanged", left:61, right:61},
            {type: "unchanged", left:62, right:62},
            {type: "unchanged", left:63, right:63},
            {type: "unchanged", left:64, right:64},
            {type: "unchanged", left:65, right:65},
            {type: "unchanged", left:66, right:66},
            {type: "added", left:-1, right:67},
            {type: "unchanged", left:68, right:68},
            {type: "unchanged", left:69, right:69},
            {type: "unchanged", left:70, right:70},
            {type: "unchanged", left:71, right:71},
            {type: "unchanged", left:72, right:72},
            {type: "unchanged", left:73, right:73},
            {type: "unchanged", left:74, right:74},
            {type: "unchanged", left:75, right:75},
            {type: "unchanged", left:76, right:76},
            {type: "unchanged", left:77, right:77},
            {type: "unchanged", left:78, right:78},
            {type: "unchanged", left:79, right:79},
            {type: "unchanged", left:80, right:80},
            {type: "unchanged", left:81, right:81},
            {type: "unchanged", left:82, right:82},
            {type: "unchanged", left:83, right:83},
            {type: "unchanged", left:84, right:84},
            {type: "unchanged", left:85, right:85},
            {type: "unchanged", left:86, right:86},
            {type: "unchanged", left:87, right:87},
            {type: "unchanged", left:88, right:88},
            {type: "unchanged", left:89, right:89},
            {type: "unchanged", left:90, right:90},
            {type: "unchanged", left:91, right:91},
            {type: "unchanged", left:92, right:92},
            {type: "unchanged", left:93, right:93},
            {type: "unchanged", left:94, right:94},
            {type: "unchanged", left:95, right:95},
            {type: "unchanged", left:96, right:96},
            {type: "added", left:-1, right:97},
            {type: "unchanged", left:98, right:98},
            {type: "added", left:-1, right:99},
            {type: "unchanged", left:100, right:100},
            {type: "unchanged", left:101, right:101},
            {type: "unchanged", left:102, right:102},
            {type: "unchanged", left:103, right:103},
            {type: "unchanged", left:104, right:104},
            {type: "unchanged", left:105, right:105},
            {type: "unchanged", left:106, right:106},
            {type: "unchanged", left:107, right:107},
            {type: "unchanged", left:108, right:108},
            {type: "added", left:-1, right:109},
            {type: "unchanged", left:110, right:110},
            {type: "unchanged", left:111, right:111},
            {type: "unchanged", left:112, right:112},
            {type: "unchanged", left:113, right:113},
            {type: "unchanged", left:114, right:114},
            {type: "unchanged", left:115, right:115},
            {type: "unchanged", left:116, right:116},
            {type: "unchanged", left:117, right:117},
            {type: "unchanged", left:118, right:118},
            {type: "unchanged", left:119, right:119},
            {type: "unchanged", left:120, right:120},
            {type: "unchanged", left:121, right:121},
            {type: "unchanged", left:122, right:122},
            {type: "unchanged", left:123, right:123},
            {type: "unchanged", left:124, right:124},
            {type: "unchanged", left:125, right:125},
            {type: "unchanged", left:126, right:126},
            {type: "unchanged", left:127, right:127},
            {type: "unchanged", left:128, right:128},
            {type: "unchanged", left:129, right:129},
            {type: "unchanged", left:130, right:130},
            {type: "unchanged", left:131, right:131},
            {type: "unchanged", left:132, right:132},
            {type: "unchanged", left:133, right:133},
            {type: "unchanged", left:134, right:134},
            {type: "unchanged", left:135, right:135},
            {type: "unchanged", left:136, right:136},
            {type: "unchanged", left:137, right:137},
            {type: "unchanged", left:138, right:138},
            {type: "unchanged", left:139, right:139},
            {type: "unchanged", left:140, right:140},
            {type: "unchanged", left:141, right:141},
            {type: "unchanged", left:142, right:142},
            {type: "unchanged", left:143, right:143},
            {type: "unchanged", left:144, right:144},
            {type: "unchanged", left:145, right:145},
            {type: "unchanged", left:146, right:146},
            {type: "unchanged", left:147, right:147},
            {type: "unchanged", left:148, right:148},
            {type: "unchanged", left:149, right:149},
            {type: "unchanged", left:150, right:150},
            {type: "unchanged", left:151, right:151},
            {type: "unchanged", left:152, right:152},
            {type: "unchanged", left:153, right:153},
            {type: "unchanged", left:154, right:154},
            {type: "unchanged", left:155, right:155},
            {type: "unchanged", left:156, right:156},
            {type: "unchanged", left:157, right:157},
            {type: "unchanged", left:158, right:158},
            {type: "unchanged", left:159, right:159},
            {type: "unchanged", left:160, right:160},
            {type: "unchanged", left:161, right:161},
            {type: "unchanged", left:162, right:162},
            {type: "unchanged", left:163, right:163},
            {type: "unchanged", left:164, right:164},
            {type: "added", left:-1, right:165},
            {type: "unchanged", left:166, right:166},
            {type: "unchanged", left:167, right:167},
            {type: "unchanged", left:168, right:168},
            {type: "unchanged", left:169, right:169},
            {type: "added", left:-1, right:170},
            {type: "unchanged", left:171, right:171},
            {type: "unchanged", left:172, right:172},
            {type: "unchanged", left:173, right:173},
            {type: "added", left:-1, right:174},
            {type: "unchanged", left:175, right:175},
            {type: "unchanged", left:176, right:176},
            {type: "unchanged", left:177, right:177},
            {type: "unchanged", left:178, right:178},
            {type: "unchanged", left:179, right:179},
            {type: "added", left:-1, right:180},
            {type: "unchanged", left:181, right:181},
            {type: "unchanged", left:182, right:182},
            {type: "added", left:-1, right:183},
            {type: "unchanged", left:184, right:184},
            {type: "unchanged", left:185, right:185},
            {type: "unchanged", left:186, right:186},
            {type: "unchanged", left:187, right:187},
            {type: "unchanged", left:188, right:188},
            {type: "unchanged", left:189, right:189},
            {type: "unchanged", left:190, right:190},
            {type: "unchanged", left:191, right:191},
            {type: "unchanged", left:192, right:192},
            {type: "unchanged", left:193, right:193},
            {type: "unchanged", left:194, right:194},
            {type: "unchanged", left:195, right:195},
            {type: "unchanged", left:196, right:196},
            {type: "unchanged", left:197, right:197},
            {type: "unchanged", left:198, right:198},
            {type: "unchanged", left:199, right:199},
            {type: "unchanged", left:200, right:200},
            {type: "unchanged", left:201, right:201},
            {type: "unchanged", left:202, right:202},
            {type: "unchanged", left:203, right:203},
            {type: "unchanged", left:204, right:204},
            {type: "unchanged", left:205, right:205},
            {type: "unchanged", left:206, right:206},
            {type: "unchanged", left:207, right:207},
            {type: "added", left:-1, right:208},
            {type: "unchanged", left:209, right:209},
            {type: "added", left:-1, right:210},
            {type: "unchanged", left:211, right:211},
            {type: "unchanged", left:212, right:212},
            {type: "unchanged", left:213, right:213},
            {type: "unchanged", left:214, right:214},
            {type: "unchanged", left:215, right:215},
            {type: "unchanged", left:216, right:216},
            {type: "unchanged", left:217, right:217},
            {type: "added", left:-1, right:218},
            {type: "unchanged", left:219, right:219},
            {type: "unchanged", left:220, right:220},
            {type: "unchanged", left:221, right:221},
            {type: "unchanged", left:222, right:222},
            {type: "unchanged", left:223, right:223},
            {type: "unchanged", left:224, right:224},
            {type: "unchanged", left:225, right:225},
            {type: "unchanged", left:226, right:226},
            {type: "added", left:-1, right:227},
            {type: "added", left:-1, right:228},
            {type: "added", left:-1, right:229},
            {type: "added", left:-1, right:230},
            {type: "unchanged", left:231, right:231},
            {type: "unchanged", left:232, right:232},
            {type: "unchanged", left:233, right:233},
            {type: "unchanged", left:234, right:234},
            {type: "added", left:-1, right:235},
            {type: "unchanged", left:236, right:236},
            {type: "unchanged", left:237, right:237},
            {type: "unchanged", left:238, right:238},
            {type: "unchanged", left:239, right:239},
            {type: "added", left:-1, right:240},
            {type: "added", left:-1, right:241},
            {type: "unchanged", left:242, right:242},
            {type: "unchanged", left:243, right:243},
            {type: "unchanged", left:244, right:244},
            {type: "added", left:-1, right:245},
            {type: "unchanged", left:246, right:246},
            {type: "unchanged", left:247, right:247},
            {type: "unchanged", left:248, right:248},
            {type: "added", left:-1, right:249},
            {type: "added", left:-1, right:250},
            {type: "added", left:-1, right:251},
            {type: "added", left:-1, right:252},
            {type: "added", left:-1, right:253},
            {type: "added", left:-1, right:254},
            {type: "added", left:-1, right:255},
            {type: "added", left:-1, right:256},
            {type: "added", left:-1, right:257},
            {type: "added", left:-1, right:258},
            {type: "added", left:-1, right:259},
            {type: "added", left:-1, right:260},
            {type: "added", left:-1, right:261},
            {type: "added", left:-1, right:262},
            {type: "added", left:-1, right:263},
            {type: "added", left:-1, right:264},
            {type: "added", left:-1, right:265},
            {type: "added", left:-1, right:266},
            {type: "added", left:-1, right:267},
            {type: "added", left:-1, right:268},
            {type: "added", left:-1, right:269},
            {type: "added", left:-1, right:270},
            {type: "added", left:-1, right:271},
            {type: "added", left:-1, right:272},
            {type: "added", left:-1, right:273},
            {type: "added", left:-1, right:274},
            {type: "added", left:-1, right:275},
            {type: "added", left:-1, right:276},
            {type: "added", left:-1, right:277},
            {type: "added", left:-1, right:278},
            {type: "added", left:-1, right:279},
            {type: "added", left:-1, right:280},
            {type: "added", left:-1, right:281},
            {type: "added", left:-1, right:282},
            {type: "added", left:-1, right:283},
            {type: "added", left:-1, right:284},
            {type: "added", left:-1, right:285},
            {type: "added", left:-1, right:286},
            {type: "added", left:-1, right:287},
            {type: "added", left:-1, right:288},
            {type: "added", left:-1, right:289},
            {type: "added", left:-1, right:290},
            {type: "added", left:-1, right:291},
            {type: "added", left:-1, right:292},
            {type: "added", left:-1, right:293},
            {type: "added", left:-1, right:294},
            {type: "unchanged", left:249, right:295},
            {type: "unchanged", left:250, right:296},
            {type: "unchanged", left:251, right:297},
            {type: "unchanged", left:252, right:298},
            {type: "unchanged", left:253, right:299},
            {type: "unchanged", left:254, right:300},
            {type: "unchanged", left:255, right:301},
            {type: "unchanged", left:256, right:302},
            {type: "unchanged", left:257, right:303},
            {type: "unchanged", left:258, right:304},
            {type: "unchanged", left:259, right:305},
            {type: "unchanged", left:260, right:306},
            {type: "unchanged", left:261, right:307},
            {type: "unchanged", left:262, right:308},
            {type: "unchanged", left:263, right:309},
            {type: "unchanged", left:264, right:310},
            {type: "unchanged", left:265, right:311},
            {type: "unchanged", left:266, right:312},
            {type: "unchanged", left:267, right:313},
            {type: "unchanged", left:268, right:314},
            {type: "unchanged", left:269, right:315},
            {type: "unchanged", left:270, right:316},
            {type: "unchanged", left:271, right:317},
            {type: "added", left:-1, right:318},
            {type: "unchanged", left:273, right:319},
            {type: "added", left:-1, right:320},
            {type: "added", left:-1, right:321},
            {type: "unchanged", left:276, right:322},
            {type: "unchanged", left:278, right:323},
            {type: "added", left:-1, right:324},
            {type: "added", left:-1, right:325},
            {type: "added", left:-1, right:326},
            {type: "added", left:-1, right:327},
            {type: "added", left:-1, right:328},
            {type: "added", left:-1, right:329},
            {type: "added", left:-1, right:330},
            {type: "added", left:-1, right:331},
            {type: "added", left:-1, right:332},
            {type: "added", left:-1, right:333},
            {type: "added", left:-1, right:334},
            {type: "added", left:-1, right:335},
            {type: "added", left:-1, right:336},
            {type: "unchanged", left:286, right:337},
            {type: "unchanged", left:289, right:338},
            {type: "added", left:-1, right:339},
            {type: "added", left:-1, right:340},
            {type: "added", left:-1, right:341},
            {type: "unchanged", left:296, right:342},
            {type: "unchanged", left:297, right:343},
            {type: "added", left:-1, right:344},
            {type: "unchanged", left:298, right:345},
            {type: "unchanged", left:300, right:346},
            {type: "added", left:-1, right:347},
            {type: "unchanged", left:301, right:348},
            {type: "added", left:-1, right:349},
            {type: "unchanged", left:303, right:350},
            {type: "unchanged", left:305, right:351},
            {type: "unchanged", left:306, right:352},
            {type: "unchanged", left:307, right:353},
            {type: "added", left:-1, right:354},
            {type: "unchanged", left:308, right:355},
            {type: "unchanged", left:310, right:356},
            {type: "added", left:-1, right:357},
            {type: "unchanged", left:311, right:358},
            {type: "added", left:-1, right:359},
            {type: "unchanged", left:313, right:360},
            {type: "unchanged", left:315, right:361},
            {type: "unchanged", left:316, right:362},
            {type: "unchanged", left:317, right:363},
            {type: "added", left:-1, right:364},
            {type: "unchanged", left:318, right:365},
            {type: "unchanged", left:320, right:366},
            {type: "added", left:-1, right:367},
            {type: "unchanged", left:321, right:368},
            {type: "added", left:-1, right:369},
            {type: "unchanged", left:323, right:370},
            {type: "unchanged", left:325, right:371},
            {type: "unchanged", left:326, right:372},
            {type: "unchanged", left:327, right:373},
            {type: "added", left:-1, right:374},
            {type: "unchanged", left:328, right:375},
            {type: "unchanged", left:330, right:376},
            {type: "added", left:-1, right:377},
            {type: "unchanged", left:331, right:378},
            {type: "added", left:-1, right:379},
            {type: "unchanged", left:333, right:380},
            {type: "unchanged", left:335, right:381},
            {type: "unchanged", left:336, right:382},
            {type: "unchanged", left:337, right:383},
            {type: "unchanged", left:344, right:384},
            {type: "unchanged", left:345, right:385},
            {type: "unchanged", left:346, right:386},
            {type: "unchanged", left:347, right:387},
            {type: "unchanged", left:348, right:388},
            {type: "unchanged", left:349, right:389},
            {type: "unchanged", left:350, right:390},
            {type: "unchanged", left:351, right:391},
            {type: "unchanged", left:352, right:392},
            {type: "unchanged", left:353, right:393},
            {type: "unchanged", left:354, right:394},
            {type: "unchanged", left:355, right:395},
            {type: "unchanged", left:356, right:396},
            {type: "unchanged", left:357, right:397},
            {type: "unchanged", left:358, right:398},
            {type: "unchanged", left:359, right:399},
            {type: "unchanged", left:360, right:400},
            {type: "unchanged", left:361, right:401},
            {type: "unchanged", left:362, right:402},
            {type: "added", left:-1, right:403},
            {type: "added", left:-1, right:404},
            {type: "added", left:-1, right:405},
            {type: "added", left:-1, right:406},
            {type: "added", left:-1, right:407},
            {type: "added", left:-1, right:408},
            {type: "unchanged", left:363, right:409},
            {type: "added", left:-1, right:410},
            {type: "added", left:-1, right:411},
            {type: "unchanged", left:370, right:412},
            {type: "added", left:-1, right:413},
            {type: "added", left:-1, right:414},
            {type: "unchanged", left:371, right:415},
            {type: "unchanged", left:372, right:416},
            {type: "unchanged", left:373, right:417},
            {type: "unchanged", left:374, right:418},
            {type: "unchanged", left:375, right:419},
            {type: "unchanged", left:376, right:420},
            {type: "unchanged", left:377, right:421},
            {type: "unchanged", left:378, right:422},
            {type: "unchanged", left:379, right:423},
            {type: "unchanged", left:380, right:424},
            {type: "unchanged", left:381, right:425},
            {type: "unchanged", left:382, right:426},
            {type: "unchanged", left:383, right:427},
            {type: "unchanged", left:384, right:428},
            {type: "unchanged", left:385, right:429},
            {type: "unchanged", left:386, right:430},
            {type: "unchanged", left:387, right:431},
            {type: "unchanged", left:388, right:432},
            {type: "unchanged", left:389, right:433},
            {type: "unchanged", left:390, right:434},
            {type: "unchanged", left:391, right:435},
            {type: "added", left:-1, right:436},
            {type: "added", left:-1, right:437},
            {type: "added", left:-1, right:438},
            {type: "added", left:-1, right:439},
            {type: "unchanged", left:397, right:440},
            {type: "added", left:-1, right:441},
            {type: "added", left:-1, right:442},
            {type: "added", left:-1, right:443},
            {type: "added", left:-1, right:444},
            {type: "added", left:-1, right:445},
            {type: "unchanged", left:402, right:446},
            {type: "unchanged", left:403, right:447},
            {type: "unchanged", left:404, right:448},
            {type: "unchanged", left:405, right:449},
            {type: "added", left:-1, right:450},
            {type: "added", left:-1, right:451},
            {type: "added", left:-1, right:452},
            {type: "added", left:-1, right:453},
            {type: "unchanged", left:455, right:454},
            {type: "unchanged", left:456, right:455},
            {type: "added", left:-1, right:456},
            {type: "added", left:-1, right:457},
            {type: "added", left:-1, right:458},
            {type: "unchanged", left:501, right:459},
            {type: "unchanged", left:502, right:460},
            {type: "unchanged", left:503, right:461},
            {type: "added", left:-1, right:462},
            {type: "unchanged", left:505, right:463},
            {type: "unchanged", left:506, right:464},
            {type: "unchanged", left:507, right:465},
            {type: "unchanged", left:508, right:466},
            {type: "unchanged", left:509, right:467},
            {type: "unchanged", left:510, right:468},
            {type: "unchanged", left:511, right:469},
            {type: "unchanged", left:512, right:470},
            {type: "unchanged", left:513, right:471},
    ]

	// setup the folds between the "added" hunks
	let folds = [];
	for (let i = 1; i < right_actions.length; ++i) {
		if (right_actions[i-1].type != "added" && right_actions[i].type == "added") {
			let j = 1;
			while (i-j >= 0 && right_actions[i-j].type != "added") { ++j; }
			if (j > 6) {  // we keep a window of 3 lines arounds the "added" hunks
				folds.push({start: i-j+5, end: i-3});
			}
		}
	}
	// in case there is non "added" lines after the last added line
	let last_green = right_actions.length - 1;
	while (right_actions[last_green].type != "added") { --last_green; }
	if (last_green < right_actions.length - 4) {
		folds.push({start: last_green + 5, end: right_actions.length});
	}

    require.config({paths: {'vs': 'https://cdn.jsdelivr.net/npm/monaco-editor@0.46.0/min/vs'}});
    require(['vs/editor/editor.main'], function () {
        monaco.languages.register({
            id: "cidiff",
        })

        monaco.languages.registerFoldingRangeProvider("cidiff", {
            provideFoldingRanges: (model, context, token) => folds
        })
        let rightEditor = monaco.editor.create(document.getElementById('right'), {
            value: ciDiff.right.join('\n'),
            minimap: {enabled: false},
            readOnly: true,
            scrollBeyondLastLine: false,
            language: "cidiff",
            automaticLayout: true,
            //wordWrap: "on"
        });
        rightEditor.trigger('fold', 'editor.foldAll')

        function ranges(l, r, type) {
            let sl = ciDiff.left[l].split(/\s/);
            let sr = ciDiff.right[r].split(/\s/);
            let x = 0;
            let j = 0;
            let arr = [];
            for (let i = 0; i < sl.length; ++i) {
                if (sl[i] == "") {
                    ++x;
                    continue;
                }
                if (sr[j] == "") {
                    --i;
                    ++j;
                    continue;
                }
                if (sl[i] != sr[j]) {
                    arr.push({
                        range: new monaco.Range(r + 1, x + 1, r + 1, x + 1 + sl[i].length),
                        options: {isWholeLine: false, className: type, overviewRuler: {color: getColor(type)}}
                    });
                }
                x += sl[i].length + 1;
                ++j;
            }
            return arr;
        }

        function mapToDecorations(actions) {
            return actions.flatMap((a, i) => {
                let arr = []
                if (a.type == "unchanged") {
                    return arr;
                }
                if (a.type.includes("updated")) {
                    if (a.type == "moved_updated") {
                        arr.push({
                            range: new monaco.Range(i + 1, 1, i + 1, 1),
                            options: {isWholeLine: true, className: a.type, overviewRuler: {color: getColor(a.type)}}
                        });
                    }
                    //let tmp = ranges(i, left_actions[i].line-1, a.type);
                    //console.log(i, left_actions[i].line-1, tmp);
                    arr.push(...ranges(actions[i].left - 1, actions[i].right - 1, a.type));
                } else {
                    arr.push({
                        range: new monaco.Range(i + 1, 1, i + 1, 1),
                        options: {isWholeLine: true, className: a.type, overviewRuler: {color: getColor(a.type)}}
                    });
                }
                return arr;
            })
        }

        let rightDecorations = rightEditor.createDecorationsCollection(mapToDecorations(right_actions));

    });
</script>
</body>

</html>
